+NPTWEDRXP: 5,"0001","0010","0010","0001
NW provided eDRX value: 40.96 seconds, Paging Time Window: 5.12 seconds
+CSCON: 0
1999, 1045, 954, 58 [1999]
13360, 13093, 267, 59 [1999, 13360]
2557, 2294, 263, 60 [1999, 13360, 2557]
17921, 17655, 266, 61 [1999, 13360, 2557, 17921]
2558, 2295, 263, 62 [1999, 13360, 2557, 17921, 2558]
17920, 17655, 265, 63 [1999, 13360, 2557, 17921, 2558, 17920]
2 2 [1 1] [2557, 17921] == [2558, 17920]
2
AT+NPTWEDRXS=2,5,"0001","1001"
OK
+CSCON: 1
+NPTWEDRXP: 5,"0001","1001","1001","0001
NW provided eDRX value: 2621.44 seconds, Paging Time Window: 5.12 seconds
+CSCON: 0
2000, 1048, 952, 64 [2000]
21714, 21502, 212, 65 [2000, 21714]
4442, 4179, 263, 66 [2000, 21714, 4442]
2562, 2297, 265, 67 [2000, 21714, 4442, 2562]
157003, 156607, 396, 68 [2000, 21714, 4442, 2562, 157003]
4264, 4000, 264, 69 [2000, 21714, 4442, 2562, 157003, 4264]
2561, 2296, 265, 70 [2000, 21714, 4442, 2562, 157003, 4264, 2561]
AT+NPTWEDRXS=2,5,"0001","1010"
OK
+CSCON: 1
+NPTWEDRXP: 5,"0001","1010","1010","0001
NW provided eDRX value: 10485.76 seconds, Paging Time Window: 5.12 seconds
+CSCON: 0
108871, 108101, 770, 71 [108871]
206752, 206440, 312, 72 [108871, 206752]
4351, 4087, 264, 73 [108871, 206752, 4351]
2561, 2296, 265, 74 [108871, 206752, 4351, 2561]
AT+NPTWEDRXS=2,5,"0001","1011"
OK
+CSCON: 1
+NPTWEDRXP: 5,"0001","1011","1011","0001
NW provided eDRX value: 20971.52 seconds, Paging Time Window: 5.12 seconds
+CSCON: 0
88071, 87085, 986, 75 [88071]
AT+NPTWEDRXS=2,5,"0001","1100"
OK
+CSCON: 1
+NPTWEDRXP: 5,"0001","1100","1100","0001
NW provided eDRX value: 41943.04 seconds, Paging Time Window: 5.12 seconds
+CSCON: 0
302058, 300169, 1889, 76 [302058]
263479, 263077, 402, 77 [302058, 263479]
4263, 3999, 264, 78 [302058, 263479, 4263]
2561, 2296, 265, 79 [302058, 263479, 4263, 2561]
AT+NPTWEDRXS=2,5,"0001","1101"
OK
+CSCON: 1
+NPTWEDRXP: 5,"0001","1101","1101","0001
NW provided eDRX value: 83886.08 seconds, Paging Time Window: 5.12 seconds
+CSCON: 0
31116, 30058, 1058, 80 [31116]
AT+NPTWEDRXS=2,5,"0001","1110"
OK
+CSCON: 1
+NPTWEDRXP: 5,"0001","1110","1110","0001
NW provided eDRX value: 167772.16 seconds, Paging Time Window: 5.12 seconds
+CSCON: 0
301099, 300175, 924, 81 [301099]
AT+NPTWEDRXS=2,5,"0001","1111"
OK
+CSCON: 1
+NPTWEDRXP: 5,"0001","1111","1111","0001
NW provided eDRX value: 335544.32 seconds, Paging Time Window: 5.12 seconds
+CSCON: 0
301096, 300176, 920, 82 [301096]
AT+NPTWEDRXS=2,5,"0010","0010"
OK
+CSCON: 1
+NPTWEDRXP: 5,"0010","0010","0010","0010
NW provided eDRX value: 40.96 seconds, Paging Time Window: 7.68 seconds
+CSCON: 0
301100, 300195, 905, 83 [301100]
2480, 2215, 265, 84 [301100, 2480]
15359, 15094, 265, 85 [301100, 2480, 15359]
2558, 2295, 263, 86 [301100, 2480, 15359, 2558]
2562, 2297, 265, 87 [301100, 2480, 15359, 2558, 2562]
3 1 [4] [2558] == [2562]
1
AT+NPTWEDRXS=2,5,"0010","0011"
OK
+CSCON: 1
+NPTWEDRXP: 5,"0010","0011","0011","0010
NW provided eDRX value: 81.92 seconds, Paging Time Window: 7.68 seconds
+CSCON: 0
1999, 1051, 948, 88 [1999]
13360, 13094, 266, 89 [1999, 13360]
2558, 2294, 264, 90 [1999, 13360, 2558]
2562, 2296, 266, 91 [1999, 13360, 2558, 2562]
2 1 [4] [2558] == [2562]
1
AT+NPTWEDRXS=2,5,"0010","0010"
OK
+CSCON: 1
+NPTWEDRXP: 5,"0010","0010","0010","0010
NW provided eDRX value: 40.96 seconds, Paging Time Window: 7.68 seconds
+CSCON: 0
1999, 1046, 953, 92 [1999]
13360, 13093, 267, 93 [1999, 13360]
2557, 2294, 263, 94 [1999, 13360, 2557]
2562, 2297, 265, 95 [1999, 13360, 2557, 2562]
2 1 [5] [2557] == [2562]
1
AT+NPTWEDRXS=2,5,"0010","0101"
OK
+CSCON: 1
+NPTWEDRXP: 5,"0010","0101","0101","0010
NW provided eDRX value: 327.68 seconds, Paging Time Window: 7.68 seconds
+CSCON: 0
1999, 1046, 953, 96 [1999]
55084, 54779, 305, 97 [1999, 55084]
4352, 4087, 265, 98 [1999, 55084, 4352]
2558, 2295, 263, 99 [1999, 55084, 4352, 2558]
2562, 2297, 265, 100 [1999, 55084, 4352, 2558, 2562]
3 1 [4] [2558] == [2562]
1
AT+NPTWEDRXS=2,5,"0010","0010"
OK
+CSCON: 1
+NPTWEDRXP: 5,"0010","0010","0010","0010
NW provided eDRX value: 40.96 seconds, Paging Time Window: 7.68 seconds
+CSCON: 0
1999, 1046, 953, 101 [1999]
8241, 7975, 266, 102 [1999, 8241]
2557, 2294, 263, 103 [1999, 8241, 2557]
2562, 2297, 265, 104 [1999, 8241, 2557, 2562]
2 1 [5] [2557] == [2562]
1
AT+NPTWEDRXS=2,5,"0010","1001"
OK
+CSCON: 1
+NPTWEDRXP: 5,"0010","1001","1001","0010
NW provided eDRX value: 2621.44 seconds, Paging Time Window: 7.68 seconds
+CSCON: 0
1999, 1042, 957, 105 [1999]
57731, 57338, 393, 106 [1999, 57731]
4263, 4000, 263, 107 [1999, 57731, 4263]
2562, 2297, 265, 108 [1999, 57731, 4263, 2562]
2558, 2295, 263, 109 [1999, 57731, 4263, 2562, 2558]
3 1 [4] [2562] == [2558]
1
AT+NPTWEDRXS=2,5,"0010","1010"
OK
+CSCON: 1
+NPTWEDRXP: 5,"0010","1010","1010","0010
NW provided eDRX value: 10485.76 seconds, Paging Time Window: 7.68 seconds
+CSCON: 0
2001, 1041, 960, 110 [2001]
147238, 146929, 309, 111 [2001, 147238]
4350, 4087, 263, 112 [2001, 147238, 4350]
2562, 2297, 265, 113 [2001, 147238, 4350, 2562]
2557, 2295, 262, 114 [2001, 147238, 4350, 2562, 2557]
3 1 [5] [2562] == [2557]
1
AT+NPTWEDRXS=2,5,"0010","1011"
OK
+CSCON: 1
+NPTWEDRXP: 5,"0010","1011","1011","0010
NW provided eDRX value: 20971.52 seconds, Paging Time Window: 7.68 seconds
+CSCON: 0
3282, 1075, 2207, 115 [3282]
AT+NPTWEDRXS=2,5,"0010","1100"
OK
+CSCON: 1
+NPTWEDRXP: 5,"0010","1100","1100","0010
NW provided eDRX value: 41943.04 seconds, Paging Time Window: 7.68 seconds
+CSCON: 0
301417, 300198, 1219, 116 [301417]
AT+NPTWEDRXS=2,5,"0010","1101"
OK
+CSCON: 1
+NPTWEDRXP: 5,"0010","1101","1101","0010
NW provided eDRX value: 83886.08 seconds, Paging Time Window: 7.68 seconds
+CSCON: 0
301095, 300173, 922, 117 [301095]
AT+NPTWEDRXS=2,5,"0010","1110"
OK
+CSCON: 1
+NPTWEDRXP: 5,"0010","1110","1110","0010
NW provided eDRX value: 167772.16 seconds, Paging Time Window: 7.68 seconds
+CSCON: 0
301100, 300172, 928, 118 [301100]
AT+NPTWEDRXS=2,5,"0010","1111"
OK
+CSCON: 1
+NPTWEDRXP: 5,"0010","1111","1111","0010
NW provided eDRX value: 335544.32 seconds, Paging Time Window: 7.68 seconds
+CSCON: 0
301097, 300181, 916, 119 [301097]
AT+NPTWEDRXS=2,5,"0011","0010"
OK
+CSCON: 1
+NPTWEDRXP: 5,"0011","0010","0010","0011
NW provided eDRX value: 40.96 seconds, Paging Time Window: 10.24 seconds
+CSCON: 0
301099, 300176, 923, 120 [301099]
1199, 1177, 22, 121 [301099, 1199]
2562, 2297, 265, 122 [301099, 1199, 2562]
2557, 2295, 262, 123 [301099, 1199, 2562, 2557]
2 1 [5] [2562] == [2557]
1
AT+NPTWEDRXS=2,5,"0011","0011"
OK
+CSCON: 1
+NPTWEDRXP: 5,"0011","0011","0011","0011
NW provided eDRX value: 81.92 seconds, Paging Time Window: 10.24 seconds
+CSCON: 0
2002, 1043, 959, 124 [2002]
26924, 26622, 302, 125 [2002, 26924]
4354, 4089, 265, 126 [2002, 26924, 4354]
2558, 2295, 263, 127 [2002, 26924, 4354, 2558]
2562, 2297, 265, 128 [2002, 26924, 4354, 2558, 2562]
3 1 [4] [2558] == [2562]
1
AT+NPTWEDRXS=2,5,"0011","0010"
OK
+CSCON: 1
+NPTWEDRXP: 5,"0011","0010","0010","0011
NW provided eDRX value: 40.96 seconds, Paging Time Window: 10.24 seconds
+CSCON: 0
2557, 1047, 1510, 129 [2557]
12802, 12535, 267, 130 [2557, 12802]
2558, 2295, 263, 131 [2557, 12802, 2558]
2562, 2296, 266, 132 [2557, 12802, 2558, 2562]
2 1 [4] [2558] == [2562]
1
AT+NPTWEDRXS=2,5,"0011","0101"
OK
+CSCON: 1
+NPTWEDRXP: 5,"0011","0101","0101","0011
NW provided eDRX value: 327.68 seconds, Paging Time Window: 10.24 seconds
+CSCON: 0
1999, 1044, 955, 133 [1999]
55084, 54778, 306, 134 [1999, 55084]
4352, 4087, 265, 135 [1999, 55084, 4352]
2558, 2295, 263, 136 [1999, 55084, 4352, 2558]
2562, 2297, 265, 137 [1999, 55084, 4352, 2558, 2562]
3 1 [4] [2558] == [2562]
1
AT+NPTWEDRXS=2,5,"0011","0010"
OK
+CSCON: 1
+NPTWEDRXP: 5,"0011","0010","0010","0011
NW provided eDRX value: 40.96 seconds, Paging Time Window: 10.24 seconds
+CSCON: 0
1999, 1047, 952, 138 [1999]
8240, 7974, 266, 139 [1999, 8240]
2558, 2295, 263, 140 [1999, 8240, 2558]
2562, 2297, 265, 141 [1999, 8240, 2558, 2562]
2 1 [4] [2558] == [2562]
1
AT+NPTWEDRXS=2,5,"0011","1001"
OK
+CSCON: 1
+NPTWEDRXP: 5,"0011","1001","1001","0011
NW provided eDRX value: 2621.44 seconds, Paging Time Window: 10.24 seconds
+CSCON: 0
1999, 1041, 958, 142 [1999]
139646, 139248, 398, 143 [1999, 139646]
4262, 3999, 263, 144 [1999, 139646, 4262]
2562, 2297, 265, 145 [1999, 139646, 4262, 2562]
2558, 2295, 263, 146 [1999, 139646, 4262, 2562, 2558]
3 1 [4] [2562] == [2558]
1
AT+NPTWEDRXS=2,5,"0011","1010"
OK
+CSCON: 1
+NPTWEDRXP: 5,"0011","1010","1010","0011
NW provided eDRX value: 10485.76 seconds, Paging Time Window: 10.24 seconds
+CSCON: 0
3281, 1087, 2194, 147 [3281]
145956, 145648, 308, 148 [3281, 145956]
4350, 4087, 263, 149 [3281, 145956, 4350]
2563, 2297, 266, 150 [3281, 145956, 4350, 2563]
2557, 2294, 263, 151 [3281, 145956, 4350, 2563, 2557]
3 1 [6] [2563] == [2557]
1
AT+NPTWEDRXS=2,5,"0011","1011"
OK
+CSCON: 1
+NPTWEDRXP: 5,"0011","1011","1011","0011
NW provided eDRX value: 20971.52 seconds, Paging Time Window: 10.24 seconds
+CSCON: 0
2562, 1047, 1515, 152 [2562]
2558, 2294, 264, 153 [2562, 2558]
0 1 [4] [2562] == [2558]
1
AT+NPTWEDRXS=2,5,"0011","1100"
OK
+CSCON: 1
+NPTWEDRXP: 5,"0011","1100","1100","0011
NW provided eDRX value: 41943.04 seconds, Paging Time Window: 10.24 seconds
+CSCON: 0
2001, 1040, 961, 154 [2001]
AT+NPTWEDRXS=2,5,"0011","1101"
OK
+CSCON: 1
+NPTWEDRXP: 5,"0011","1101","1101","0011
NW provided eDRX value: 83886.08 seconds, Paging Time Window: 10.24 seconds
+CSCON: 0
301097, 300170, 927, 155 [301097]
AT+NPTWEDRXS=2,5,"0011","1110"
OK
+CSCON: 1
+NPTWEDRXP: 5,"0011","1110","1110","0011
NW provided eDRX value: 167772.16 seconds, Paging Time Window: 10.24 seconds
+CSCON: 0
301100, 300162, 938, 156 [301100]
AT+NPTWEDRXS=2,5,"0011","1111"
OK
+CSCON: 1
+NPTWEDRXP: 5,"0011","1111","1111","0011
NW provided eDRX value: 335544.32 seconds, Paging Time Window: 10.24 seconds
+CSCON: 0
301096, 300158, 938, 157 [301096]
AT+NPTWEDRXS=2,5,"0100","0010"
OK
+CSCON: 1
+NPTWEDRXP: 5,"0100","0010","0010","0100
NW provided eDRX value: 40.96 seconds, Paging Time Window: 12.8 seconds
+CSCON: 0
301100, 300176, 924, 158 [301100]
9520, 9254, 266, 159 [301100, 9520]
2558, 2295, 263, 160 [301100, 9520, 2558]
2561, 2296, 265, 161 [301100, 9520, 2558, 2561]
2 1 [3] [2558] == [2561]
1
AT+NPTWEDRXS=2,5,"0100","0011"
OK
+CSCON: 1
+NPTWEDRXP: 5,"0100","0011","0011","0100
NW provided eDRX value: 81.92 seconds, Paging Time Window: 12.8 seconds
+CSCON: 0
2558, 1041, 1517, 162 [2558]
2562, 2296, 266, 163 [2558, 2562]
0 1 [4] [2558] == [2562]
1
AT+NPTWEDRXS=2,5,"0100","0010"
OK
+CSCON: 1
+NPTWEDRXP: 5,"0100","0010","0010","0100
NW provided eDRX value: 40.96 seconds, Paging Time Window: 12.8 seconds
+CSCON: 0
1999, 1077, 922, 164 [1999]
8240, 7974, 266, 165 [1999, 8240]
2558, 2295, 263, 166 [1999, 8240, 2558]
2562, 2297, 265, 167 [1999, 8240, 2558, 2562]
2 1 [4] [2558] == [2562]
1
AT+NPTWEDRXS=2,5,"0100","0101"
OK
+CSCON: 1
+NPTWEDRXP: 5,"0100","0101","0101","0100
NW provided eDRX value: 327.68 seconds, Paging Time Window: 12.8 seconds
+CSCON: 0
1999, 1044, 955, 168 [1999]
55083, 54779, 304, 169 [1999, 55083]
4354, 4088, 266, 170 [1999, 55083, 4354]
2558, 2294, 264, 171 [1999, 55083, 4354, 2558]
2561, 2296, 265, 172 [1999, 55083, 4354, 2558, 2561]
3 1 [3] [2558] == [2561]
1
AT+NPTWEDRXS=2,5,"0100","0010"
OK
+CSCON: 1
+NPTWEDRXP: 5,"0100","0010","0010","0100
NW provided eDRX value: 40.96 seconds, Paging Time Window: 12.8 seconds
+CSCON: 0
2000, 1045, 955, 173 [2000]
8240, 7973, 267, 174 [2000, 8240]
2558, 2294, 264, 175 [2000, 8240, 2558]
2561, 2296, 265, 176 [2000, 8240, 2558, 2561]
2 1 [3] [2558] == [2561]
1
AT+NPTWEDRXS=2,5,"0100","1001"
OK
+CSCON: 1
+NPTWEDRXP: 5,"0100","1001","1001","0100
NW provided eDRX value: 2621.44 seconds, Paging Time Window: 12.8 seconds
+CSCON: 0
2957, 1075, 1882, 177 [2957]
138689, 138292, 397, 178 [2957, 138689]
4262, 3999, 263, 179 [2957, 138689, 4262]
2562, 2297, 265, 180 [2957, 138689, 4262, 2562]
2558, 2295, 263, 181 [2957, 138689, 4262, 2562, 2558]
3 1 [4] [2562] == [2558]
1
AT+NPTWEDRXS=2,5,"0100","1010"
OK
+CSCON: 1
+NPTWEDRXP: 5,"0100","1010","1010","0100
NW provided eDRX value: 10485.76 seconds, Paging Time Window: 12.8 seconds
+CSCON: 0
2001, 1053, 948, 182 [2001]
147237, 146927, 310, 183 [2001, 147237]
4351, 4087, 264, 184 [2001, 147237, 4351]
2562, 2296, 266, 185 [2001, 147237, 4351, 2562]
2558, 2294, 264, 186 [2001, 147237, 4351, 2562, 2558]
3 1 [4] [2562] == [2558]
1
AT+NPTWEDRXS=2,5,"0100","1011"
OK
+CSCON: 1
+NPTWEDRXP: 5,"0100","1011","1011","0100
NW provided eDRX value: 20971.52 seconds, Paging Time Window: 12.8 seconds
+CSCON: 0
2002, 1076, 926, 187 [2002]
AT+NPTWEDRXS=2,5,"0100","1100"
OK
+CSCON: 1
+NPTWEDRXP: 5,"0100","1100","1100","0100
NW provided eDRX value: 41943.04 seconds, Paging Time Window: 12.8 seconds
+CSCON: 0
301095, 300177, 918, 188 [301095]
24559, 24295, 264, 189 [301095, 24559]
2562, 2297, 265, 190 [301095, 24559, 2562]
2557, 2295, 262, 191 [301095, 24559, 2562, 2557]
2 1 [5] [2562] == [2557]
1
AT+NPTWEDRXS=2,5,"0100","1101"
OK
+CSCON: 1
+NPTWEDRXP: 5,"0100","1101","1101","0100
NW provided eDRX value: 83886.08 seconds, Paging Time Window: 12.8 seconds
+CSCON: 0
2002, 1049, 953, 192 [2002]
AT+NPTWEDRXS=2,5,"0100","1110"
OK
+CSCON: 1
+NPTWEDRXP: 5,"0100","1110","1110","0100
NW provided eDRX value: 167772.16 seconds, Paging Time Window: 12.8 seconds
+CSCON: 0
301096, 300168, 928, 193 [301096]
AT+NPTWEDRXS=2,5,"0100","1111"
OK
+CSCON: 1
+NPTWEDRXP: 5,"0100","1111","1111","0100
NW provided eDRX value: 335544.32 seconds, Paging Time Window: 12.8 seconds
+CSCON: 0
301099, 300174, 925, 194 [301099]
AT+NPTWEDRXS=2,5,"0101","0010"
OK
+CSCON: 1
+NPTWEDRXP: 5,"0101","0010","0010","0101
NW provided eDRX value: 40.96 seconds, Paging Time Window: 15.36 seconds
+CSCON: 0
301098, 300177, 921, 195 [301098]
3442, 3175, 267, 196 [301098, 3442]
2556, 2293, 263, 197 [301098, 3442, 2556]
2563, 2297, 266, 198 [301098, 3442, 2556, 2563]
2 1 [7] [2556] == [2563]
1
AT+NPTWEDRXS=2,5,"0101","0011"
OK
+CSCON: 1
+NPTWEDRXP: 5,"0101","0011","0011","0101
NW provided eDRX value: 81.92 seconds, Paging Time Window: 15.36 seconds
+CSCON: 0
1998, 1041, 957, 199 [1998]
13361, 13094, 267, 200 [1998, 13361]
2557, 2294, 263, 201 [1998, 13361, 2557]
2563, 2297, 266, 202 [1998, 13361, 2557, 2563]
2 1 [6] [2557] == [2563]
1
AT+NPTWEDRXS=2,5,"0101","0010"
OK
+CSCON: 1
+NPTWEDRXP: 5,"0101","0010","0010","0101
NW provided eDRX value: 40.96 seconds, Paging Time Window: 15.36 seconds
+CSCON: 0
2556, 1042, 1514, 203 [2556]
2564, 2297, 267, 204 [2556, 2564]
0 1 [8] [2556] == [2564]
1
AT+NPTWEDRXS=2,5,"0101","0101"
OK
+CSCON: 1
+NPTWEDRXP: 5,"0101","0101","0101","0101
NW provided eDRX value: 327.68 seconds, Paging Time Window: 15.36 seconds
+CSCON: 0
1998, 1044, 954, 205 [1998]
29485, 29182, 303, 206 [1998, 29485]
4353, 4088, 265, 207 [1998, 29485, 4353]
2558, 2295, 263, 208 [1998, 29485, 4353, 2558]
2562, 2296, 266, 209 [1998, 29485, 4353, 2558, 2562]
3 1 [4] [2558] == [2562]
1
AT+NPTWEDRXS=2,5,"0101","0010"
OK
+CSCON: 1
+NPTWEDRXP: 5,"0101","0010","0010","0101
NW provided eDRX value: 40.96 seconds, Paging Time Window: 15.36 seconds
+CSCON: 0
2957, 1047, 1910, 210 [2957]
7282, 7016, 266, 211 [2957, 7282]
2557, 2295, 262, 212 [2957, 7282, 2557]
2562, 2297, 265, 213 [2957, 7282, 2557, 2562]
2 1 [5] [2557] == [2562]
1
AT+NPTWEDRXS=2,5,"0101","1001"
OK
+CSCON: 1
+NPTWEDRXP: 5,"0101","1001","1001","0101
NW provided eDRX value: 2621.44 seconds, Paging Time Window: 15.36 seconds
+CSCON: 0
2000, 1045, 955, 214 [2000]
139646, 139248, 398, 215 [2000, 139646]
4262, 3998, 264, 216 [2000, 139646, 4262]
2562, 2296, 266, 217 [2000, 139646, 4262, 2562]
2557, 2294, 263, 218 [2000, 139646, 4262, 2562, 2557]
3 1 [5] [2562] == [2557]
1
AT+NPTWEDRXS=2,5,"0101","1010"
OK
+CSCON: 1
+NPTWEDRXP: 5,"0101","1010","1010","0101
NW provided eDRX value: 10485.76 seconds, Paging Time Window: 15.36 seconds
+CSCON: 0
2002, 1048, 954, 219 [2002]
147237, 146927, 310, 220 [2002, 147237]
4350, 4087, 263, 221 [2002, 147237, 4350]
2562, 2297, 265, 222 [2002, 147237, 4350, 2562]
2557, 2295, 262, 223 [2002, 147237, 4350, 2562, 2557]
3 1 [5] [2562] == [2557]
1
AT+NPTWEDRXS=2,5,"0101","1011"
OK
+CSCON: 1
+NPTWEDRXP: 5,"0101","1011","1011","0101
NW provided eDRX value: 20971.52 seconds, Paging Time Window: 15.36 seconds
+CSCON: 0
2563, 1040, 1523, 224 [2563]
2557, 2293, 264, 225 [2563, 2557]
0 1 [6] [2563] == [2557]
1
AT+NPTWEDRXS=2,5,"0101","1100"
OK
+CSCON: 1
+NPTWEDRXP: 5,"0101","1100","1100","0101
NW provided eDRX value: 41943.04 seconds, Paging Time Window: 15.36 seconds
+CSCON: 0
2562, 1077, 1485, 226 [2562]
2558, 2294, 264, 227 [2562, 2558]
0 1 [4] [2562] == [2558]
1
AT+NPTWEDRXS=2,5,"0101","1101"
OK
+CSCON: 1
+NPTWEDRXP: 5,"0101","1101","1101","0101
NW provided eDRX value: 83886.08 seconds, Paging Time Window: 15.36 seconds
+CSCON: 0
2001, 1041, 960, 228 [2001]
AT+NPTWEDRXS=2,5,"0101","1110"
OK
+CSCON: 1
+NPTWEDRXP: 5,"0101","1110","1110","0101
NW provided eDRX value: 167772.16 seconds, Paging Time Window: 15.36 seconds
+CSCON: 0
301096, 300171, 925, 229 [301096]
AT+NPTWEDRXS=2,5,"0101","1111"
OK
+CSCON: 1
+NPTWEDRXP: 5,"0101","1111","1111","0101
NW provided eDRX value: 335544.32 seconds, Paging Time Window: 15.36 seconds
+CSCON: 0
301099, 300167, 932, 230 [301099]
AT+NPTWEDRXS=2,5,"0110","0010"
OK
+CSCON: 1
+NPTWEDRXP: 5,"0110","0010","0010","0110
NW provided eDRX value: 40.96 seconds, Paging Time Window: 17.92 seconds
+CSCON: 0
301975, 300174, 1801, 231 [301975]
2562, 2296, 266, 232 [301975, 2562]
2557, 2295, 262, 233 [301975, 2562, 2557]
1 1 [5] [2562] == [2557]
1
AT+NPTWEDRXS=2,5,"0110","0011"
OK
+CSCON: 1
+NPTWEDRXP: 5,"0110","0011","0011","0110
NW provided eDRX value: 81.92 seconds, Paging Time Window: 17.92 seconds
+CSCON: 0
2002, 1047, 955, 234 [2002]
10800, 10534, 266, 235 [2002, 10800]
2558, 2294, 264, 236 [2002, 10800, 2558]
2562, 2296, 266, 237 [2002, 10800, 2558, 2562]
2 1 [4] [2558] == [2562]
1
AT+NPTWEDRXS=2,5,"0110","0010"
OK
+CSCON: 1
+NPTWEDRXP: 5,"0110","0010","0010","0110
NW provided eDRX value: 40.96 seconds, Paging Time Window: 17.92 seconds
+CSCON: 0
2557, 1045, 1512, 238 [2557]
2562, 2296, 266, 239 [2557, 2562]
0 1 [5] [2557] == [2562]
1
AT+NPTWEDRXS=2,5,"0110","0101"
OK
+CSCON: 1
+NPTWEDRXP: 5,"0110","0101","0101","0110
NW provided eDRX value: 327.68 seconds, Paging Time Window: 17.92 seconds
+CSCON: 0
3280, 1041, 2239, 240 [3280]
28292, 27901, 391, 241 [3280, 28292]
4265, 4000, 265, 242 [3280, 28292, 4265]
2558, 2295, 263, 243 [3280, 28292, 4265, 2558]
2562, 2297, 265, 244 [3280, 28292, 4265, 2558, 2562]
3 1 [4] [2558] == [2562]
1
AT+NPTWEDRXS=2,5,"0110","0010"
OK
+CSCON: 1
+NPTWEDRXP: 5,"0110","0010","0010","0110
NW provided eDRX value: 40.96 seconds, Paging Time Window: 17.92 seconds
+CSCON: 0
2557, 1076, 1481, 245 [2557]
2563, 2297, 266, 246 [2557, 2563]
0 1 [6] [2557] == [2563]
1
AT+NPTWEDRXS=2,5,"0110","1001"
OK
+CSCON: 1
+NPTWEDRXP: 5,"0110","1001","1001","0110
NW provided eDRX value: 2621.44 seconds, Paging Time Window: 17.92 seconds
+CSCON: 0
2558, 1081, 1477, 247 [2558]
2561, 2295, 266, 248 [2558, 2561]
0 1 [3] [2558] == [2561]
1
AT+NPTWEDRXS=2,5,"0110","1010"
OK
+CSCON: 1
+NPTWEDRXP: 5,"0110","1010","1010","0110
NW provided eDRX value: 10485.76 seconds, Paging Time Window: 17.92 seconds
+CSCON: 0
1999, 1043, 956, 249 [1999]
AT+NPTWEDRXS=2,5,"0110","1011"
OK
+CSCON: 1
+NPTWEDRXP: 5,"0110","1011","1011","0110
NW provided eDRX value: 20971.52 seconds, Paging Time Window: 17.92 seconds
+CSCON: 0
301095, 300170, 925, 250 [301095]
9203, 8936, 267, 251 [301095, 9203]
2557, 2293, 264, 252 [301095, 9203, 2557]
2562, 2296, 266, 253 [301095, 9203, 2557, 2562]
2 1 [5] [2557] == [2562]
1
AT+NPTWEDRXS=2,5,"0110","1100"
OK
+CSCON: 1
+NPTWEDRXP: 5,"0110","1100","1100","0110
NW provided eDRX value: 41943.04 seconds, Paging Time Window: 17.92 seconds
+CSCON: 0
2558, 1047, 1511, 254 [2558]
2562, 2295, 267, 255 [2558, 2562]
0 1 [4] [2558] == [2562]
1
AT+NPTWEDRXS=2,5,"0110","1101"
OK
+CSCON: 1
+NPTWEDRXP: 5,"0110","1101","1101","0110
NW provided eDRX value: 83886.08 seconds, Paging Time Window: 17.92 seconds
+CSCON: 0
2557, 1041, 1516, 256 [2557]
AT+NPTWEDRXS=2,5,"0110","1110"
OK
+CSCON: 1
+NPTWEDRXP: 5,"0110","1110","1110","0110
NW provided eDRX value: 167772.16 seconds, Paging Time Window: 17.92 seconds
+CSCON: 0
301176, 300161, 1015, 257 [301176]
AT+NPTWEDRXS=2,5,"0110","1111"
OK
+CSCON: 1
+NPTWEDRXP: 5,"0110","1111","1111","0110
NW provided eDRX value: 335544.32 seconds, Paging Time Window: 17.92 seconds
+CSCON: 0
301099, 300177, 922, 258 [301099]
AT+NPTWEDRXS=2,5,"0111","0010"
OK
+CSCON: 1
+NPTWEDRXP: 5,"0111","0010","0010","0111
NW provided eDRX value: 40.96 seconds, Paging Time Window: 20.48 seconds
+CSCON: 0
301338, 300159, 1179, 259 [301338]
2558, 2295, 263, 260 [301338, 2558]
2562, 2297, 265, 261 [301338, 2558, 2562]
1 1 [4] [2558] == [2562]
1
AT+NPTWEDRXS=2,5,"0111","0011"
OK
+CSCON: 1
+NPTWEDRXP: 5,"0111","0011","0011","0111
NW provided eDRX value: 81.92 seconds, Paging Time Window: 20.48 seconds
+CSCON: 0
1999, 1045, 954, 262 [1999]
13360, 13094, 266, 263 [1999, 13360]
2557, 2294, 263, 264 [1999, 13360, 2557]
2562, 2297, 265, 265 [1999, 13360, 2557, 2562]
2 1 [5] [2557] == [2562]
1
AT+NPTWEDRXS=2,5,"0111","0010"
OK
+CSCON: 1
+NPTWEDRXP: 5,"0111","0010","0010","0111
NW provided eDRX value: 40.96 seconds, Paging Time Window: 20.48 seconds
+CSCON: 0
2957, 1046, 1911, 266 [2957]
2163, 1897, 266, 267 [2957, 2163]
2558, 2295, 263, 268 [2957, 2163, 2558]
2562, 2296, 266, 269 [2957, 2163, 2558, 2562]
2 1 [4] [2558] == [2562]
1
AT+NPTWEDRXS=2,5,"0111","0101"
OK
+CSCON: 1
+NPTWEDRXP: 5,"0111","0101","0101","0111
NW provided eDRX value: 327.68 seconds, Paging Time Window: 20.48 seconds
+CSCON: 0
1999, 1042, 957, 270 [1999]
24276, 24062, 214, 271 [1999, 24276]
4442, 4177, 265, 272 [1999, 24276, 4442]
2558, 2295, 263, 273 [1999, 24276, 4442, 2558]
2562, 2297, 265, 274 [1999, 24276, 4442, 2558, 2562]
3 1 [4] [2558] == [2562]
1
AT+NPTWEDRXS=2,5,"0111","0010"
OK
+CSCON: 1
+NPTWEDRXP: 5,"0111","0010","0010","0111
NW provided eDRX value: 40.96 seconds, Paging Time Window: 20.48 seconds
+CSCON: 0
2558, 1042, 1516, 275 [2558]
2562, 2296, 266, 276 [2558, 2562]
0 1 [4] [2558] == [2562]
1
AT+NPTWEDRXS=2,5,"0111","1001"
OK
+CSCON: 1
+NPTWEDRXP: 5,"0111","1001","1001","0111
NW provided eDRX value: 2621.44 seconds, Paging Time Window: 20.48 seconds
+CSCON: 0
2557, 1042, 1515, 277 [2557]
2562, 2296, 266, 278 [2557, 2562]
0 1 [5] [2557] == [2562]
1
AT+NPTWEDRXS=2,5,"0111","1010"
OK
+CSCON: 1
+NPTWEDRXP: 5,"0111","1010","1010","0111
NW provided eDRX value: 10485.76 seconds, Paging Time Window: 20.48 seconds
+CSCON: 0
1999, 1046, 953, 279 [1999]
AT+NPTWEDRXS=2,5,"0111","1011"
OK
+CSCON: 1
+NPTWEDRXP: 5,"0111","1011","1011","0111
NW provided eDRX value: 20971.52 seconds, Paging Time Window: 20.48 seconds
+CSCON: 0
301095, 300167, 928, 280 [301095]
9202, 8935, 267, 281 [301095, 9202]
2557, 2294, 263, 282 [301095, 9202, 2557]
2562, 2297, 265, 283 [301095, 9202, 2557, 2562]
2 1 [5] [2557] == [2562]
1
AT+NPTWEDRXS=2,5,"0111","1100"
OK
+CSCON: 1
+NPTWEDRXP: 5,"0111","1100","1100","0111
NW provided eDRX value: 41943.04 seconds, Paging Time Window: 20.48 seconds
+CSCON: 0
2558, 1046, 1512, 284 [2558]
2562, 2296, 266, 285 [2558, 2562]
0 1 [4] [2558] == [2562]
1
AT+NPTWEDRXS=2,5,"0111","1101"
OK
+CSCON: 1
+NPTWEDRXP: 5,"0111","1101","1101","0111
NW provided eDRX value: 83886.08 seconds, Paging Time Window: 20.48 seconds
+CSCON: 0
1999, 1042, 957, 286 [1999]
AT+NPTWEDRXS=2,5,"0111","1110"
OK
+CSCON: 1
+NPTWEDRXP: 5,"0111","1110","1110","0111
NW provided eDRX value: 167772.16 seconds, Paging Time Window: 20.48 seconds
+CSCON: 0
301417, 300184, 1233, 287 [301417]
AT+NPTWEDRXS=2,5,"0111","1111"
OK
+CSCON: 1
+NPTWEDRXP: 5,"0111","1111","1111","0111
NW provided eDRX value: 335544.32 seconds, Paging Time Window: 20.48 seconds
+CSCON: 0
301094, 300179, 915, 288 [301094]
AT+NPTWEDRXS=2,5,"1000","0010"
OK
+CSCON: 1
+NPTWEDRXP: 5,"1000","0010","0010","1000
NW provided eDRX value: 40.96 seconds, Paging Time Window: 23.04 seconds
+CSCON: 0
301660, 300177, 1483, 289 [301660]
2557, 2293, 264, 290 [301660, 2557]
2563, 2297, 266, 291 [301660, 2557, 2563]
1 1 [6] [2557] == [2563]
1
AT+NPTWEDRXS=2,5,"1000","0011"
OK
+CSCON: 1
+NPTWEDRXP: 5,"1000","0011","0011","1000
NW provided eDRX value: 81.92 seconds, Paging Time Window: 23.04 seconds
+CSCON: 0
2957, 1042, 1915, 292 [2957]
12401, 12135, 266, 293 [2957, 12401]
2558, 2294, 264, 294 [2957, 12401, 2558]
2561, 2296, 265, 295 [2957, 12401, 2558, 2561]
2 1 [3] [2558] == [2561]
1
AT+NPTWEDRXS=2,5,"1000","0010"
OK
+CSCON: 1
+NPTWEDRXP: 5,"1000","0010","0010","1000
NW provided eDRX value: 40.96 seconds, Paging Time Window: 23.04 seconds
+CSCON: 0
2558, 1048, 1510, 296 [2558]
2562, 2296, 266, 297 [2558, 2562]
0 1 [4] [2558] == [2562]
1
AT+NPTWEDRXS=2,5,"1000","0101"
OK
+CSCON: 1
+NPTWEDRXP: 5,"1000","0101","0101","1000
NW provided eDRX value: 327.68 seconds, Paging Time Window: 23.04 seconds
+CSCON: 0
1999, 1042, 957, 298 [1999]
29574, 29182, 392, 299 [1999, 29574]
4264, 3999, 265, 300 [1999, 29574, 4264]
2558, 2295, 263, 301 [1999, 29574, 4264, 2558]
2562, 2297, 265, 302 [1999, 29574, 4264, 2558, 2562]
3 1 [4] [2558] == [2562]
1
AT+NPTWEDRXS=2,5,"1000","0010"
OK
+CSCON: 1
+NPTWEDRXP: 5,"1000","0010","0010","1000
NW provided eDRX value: 40.96 seconds, Paging Time Window: 23.04 seconds
+CSCON: 0
2557, 1045, 1512, 303 [2557]
2563, 2296, 267, 304 [2557, 2563]
0 1 [6] [2557] == [2563]
1
AT+NPTWEDRXS=2,5,"1000","1001"
OK
+CSCON: 1
+NPTWEDRXP: 5,"1000","1001","1001","1000
NW provided eDRX value: 2621.44 seconds, Paging Time Window: 23.04 seconds
+CSCON: 0
2557, 1042, 1515, 305 [2557]
2562, 2296, 266, 306 [2557, 2562]
0 1 [5] [2557] == [2562]
1
AT+NPTWEDRXS=2,5,"1000","1010"
OK
+CSCON: 1
+NPTWEDRXP: 5,"1000","1010","1010","1000
NW provided eDRX value: 10485.76 seconds, Paging Time Window: 23.04 seconds
+CSCON: 0
2558, 1047, 1511, 307 [2558]
AT+NPTWEDRXS=2,5,"1000","1011"
OK
+CSCON: 1
+NPTWEDRXP: 5,"1000","1011","1011","1000
NW provided eDRX value: 20971.52 seconds, Paging Time Window: 23.04 seconds
+CSCON: 0
301175, 300170, 1005, 308 [301175]
8563, 8297, 266, 309 [301175, 8563]
2558, 2295, 263, 310 [301175, 8563, 2558]
2562, 2297, 265, 311 [301175, 8563, 2558, 2562]
2 1 [4] [2558] == [2562]
1
AT+NPTWEDRXS=2,5,"1000","1100"
OK
+CSCON: 1
+NPTWEDRXP: 5,"1000","1100","1100","1000
NW provided eDRX value: 41943.04 seconds, Paging Time Window: 23.04 seconds
+CSCON: 0
2557, 1073, 1484, 312 [2557]
2562, 2296, 266, 313 [2557, 2562]
0 1 [5] [2557] == [2562]
1
AT+NPTWEDRXS=2,5,"1000","1101"
OK
+CSCON: 1
+NPTWEDRXP: 5,"1000","1101","1101","1000
NW provided eDRX value: 83886.08 seconds, Paging Time Window: 23.04 seconds
+CSCON: 0
2558, 1045, 1513, 314 [2558]
2562, 2296, 266, 315 [2558, 2562]
0 1 [4] [2558] == [2562]
1
AT+NPTWEDRXS=2,5,"1000","1110"
OK
+CSCON: 1
+NPTWEDRXP: 5,"1000","1110","1110","1000
NW provided eDRX value: 167772.16 seconds, Paging Time Window: 23.04 seconds
+CSCON: 0
1999, 1052, 947, 316 [1999]
AT+NPTWEDRXS=2,5,"1000","1111"
OK
+CSCON: 1
+NPTWEDRXP: 5,"1000","1111","1111","1000
NW provided eDRX value: 335544.32 seconds, Paging Time Window: 23.04 seconds
+CSCON: 0
301095, 300163, 932, 317 [301095]
AT+NPTWEDRXS=2,5,"1001","0010"
OK
+CSCON: 1
+NPTWEDRXP: 5,"1001","0010","0010","1001
NW provided eDRX value: 40.96 seconds, Paging Time Window: 25.6 seconds
+CSCON: 0
302378, 300165, 2213, 318 [302378]
1198, 1176, 22, 319 [302378, 1198]
2562, 2296, 266, 320 [302378, 1198, 2562]
2558, 2294, 264, 321 [302378, 1198, 2562, 2558]
2 1 [4] [2562] == [2558]
1
AT+NPTWEDRXS=2,5,"1001","0011"
OK
+CSCON: 1
+NPTWEDRXP: 5,"1001","0011","0011","1001
NW provided eDRX value: 81.92 seconds, Paging Time Window: 25.6 seconds
+CSCON: 0
2562, 1042, 1520, 322 [2562]
2558, 2293, 265, 323 [2562, 2558]
0 1 [4] [2562] == [2558]
1
AT+NPTWEDRXS=2,5,"1001","0010"
OK
+CSCON: 1
+NPTWEDRXP: 5,"1001","0010","0010","1001
NW provided eDRX value: 40.96 seconds, Paging Time Window: 25.6 seconds
+CSCON: 0
2561, 1045, 1516, 324 [2561]
2559, 2293, 266, 325 [2561, 2559]
0 1 [2] [2561] == [2559]
1
AT+NPTWEDRXS=2,5,"1001","0101"
OK
+CSCON: 1
+NPTWEDRXP: 5,"1001","0101","0101","1001
NW provided eDRX value: 327.68 seconds, Paging Time Window: 25.6 seconds
+CSCON: 0
2000, 1047, 953, 326 [2000]
15920, 15653, 267, 327 [2000, 15920]
2558, 2294, 264, 328 [2000, 15920, 2558]
2562, 2296, 266, 329 [2000, 15920, 2558, 2562]
2 1 [4] [2558] == [2562]
1
AT+NPTWEDRXS=2,5,"1001","0010"
OK
+CSCON: 1
+NPTWEDRXP: 5,"1001","0010","0010","1001
NW provided eDRX value: 40.96 seconds, Paging Time Window: 25.6 seconds
+CSCON: 0
2558, 1041, 1517, 330 [2558]
2561, 2294, 267, 331 [2558, 2561]
0 1 [3] [2558] == [2561]
1
AT+NPTWEDRXS=2,5,"1001","1001"
OK
+CSCON: 1
+NPTWEDRXP: 5,"1001","1001","1001","1001
NW provided eDRX value: 2621.44 seconds, Paging Time Window: 25.6 seconds
+CSCON: 0
2558, 1047, 1511, 332 [2558]
2562, 2295, 267, 333 [2558, 2562]
0 1 [4] [2558] == [2562]
1
AT+NPTWEDRXS=2,5,"1001","1010"
OK
+CSCON: 1
+NPTWEDRXP: 5,"1001","1010","1010","1001
NW provided eDRX value: 10485.76 seconds, Paging Time Window: 25.6 seconds
+CSCON: 0
2556, 1043, 1513, 334 [2556]
2563, 2296, 267, 335 [2556, 2563]
0 1 [7] [2556] == [2563]
1
AT+NPTWEDRXS=2,5,"1001","1011"
OK
+CSCON: 1
+NPTWEDRXP: 5,"1001","1011","1011","1001
NW provided eDRX value: 20971.52 seconds, Paging Time Window: 25.6 seconds
+CSCON: 0
2557, 1040, 1517, 336 [2557]
AT+NPTWEDRXS=2,5,"1001","1100"
OK
+CSCON: 1
+NPTWEDRXP: 5,"1001","1100","1100","1001
NW provided eDRX value: 41943.04 seconds, Paging Time Window: 25.6 seconds
+CSCON: 0
301176, 300170, 1006, 337 [301176]
AT+NPTWEDRXS=2,5,"1001","1101"
OK
+CSCON: 1
+NPTWEDRXP: 5,"1001","1101","1101","1001
NW provided eDRX value: 83886.08 seconds, Paging Time Window: 25.6 seconds
+CSCON: 0
301098, 300161, 937, 338 [301098]
AT+NPTWEDRXS=2,5,"1001","1110"
OK
+CSCON: 1
+NPTWEDRXP: 5,"1001","1110","1110","1001
NW provided eDRX value: 167772.16 seconds, Paging Time Window: 25.6 seconds
+CSCON: 0
301256, 300176, 1080, 339 [301256]
AT+NPTWEDRXS=2,5,"1001","1111"
OK
+CSCON: 1
+NPTWEDRXP: 5,"1001","1111","1111","1001
NW provided eDRX value: 335544.32 seconds, Paging Time Window: 25.6 seconds
+CSCON: 0
302216, 300174, 2042, 340 [302216]
PASSED

============================================================================================ 1 passed, 15 deselected in 16842.96 seconds =============================================================================================
PS C:\GIT\masters\code>