\BOOKMARK [1][-]{section*.5}{\376\377\000D\000e\000c\000l\000a\000r\000a\000t\000i\000o\000n}{}% 1
\BOOKMARK [1][-]{section*.6}{\376\377\000A\000b\000s\000t\000r\000a\000c\000t}{}% 2
\BOOKMARK [1][-]{section*.7}{\376\377\000U\000i\000t\000t\000r\000e\000k\000s\000e\000l}{}% 3
\BOOKMARK [1][-]{section*.8}{\376\377\000A\000c\000k\000n\000o\000w\000l\000e\000d\000g\000e\000m\000e\000n\000t\000s}{}% 4
\BOOKMARK [1][-]{section*.9}{\376\377\000A\000c\000r\000o\000n\000y\000m\000s}{}% 5
\BOOKMARK [2][-]{section*.10}{\376\377\000S\000I\000\040\000U\000n\000i\000t\000s}{section*.9}% 6
\BOOKMARK [1][-]{section.1}{\376\377\000I\000n\000t\000r\000o\000d\000u\000c\000t\000i\000o\000n}{}% 7
\BOOKMARK [2][-]{subsection.1.1}{\376\377\000W\000h\000y\000\040\000N\000B\000-\000I\000o\000T\000?}{section.1}% 8
\BOOKMARK [2][-]{subsection.1.2}{\376\377\000P\000r\000o\000b\000l\000e\000m\000\040\000S\000t\000a\000t\000e\000m\000e\000n\000t}{section.1}% 9
\BOOKMARK [2][-]{subsection.1.3}{\376\377\000R\000e\000s\000e\000a\000r\000c\000h\000\040\000O\000b\000j\000e\000c\000t\000i\000v\000e\000s}{section.1}% 10
\BOOKMARK [2][-]{subsection.1.4}{\376\377\000S\000c\000o\000p\000e\000\040\000o\000f\000\040\000W\000o\000r\000k}{section.1}% 11
\BOOKMARK [2][-]{subsection.1.5}{\376\377\000T\000e\000r\000m\000i\000n\000o\000l\000o\000g\000y}{section.1}% 12
\BOOKMARK [2][-]{subsection.1.6}{\376\377\000B\000a\000c\000k\000g\000r\000o\000u\000n\000d\000\040\000o\000f\000\040\000N\000B\000-\000I\000o\000T}{section.1}% 13
\BOOKMARK [2][-]{subsection.1.7}{\376\377\000N\000e\000t\000w\000o\000r\000k\000\040\000C\000o\000v\000e\000r\000a\000g\000e}{section.1}% 14
\BOOKMARK [3][-]{subsubsection.1.7.1}{\376\377\000C\000o\000n\000n\000e\000c\000t\000i\000v\000i\000t\000y\000\040\000i\000n\000\040\000S\000o\000u\000t\000h\000\040\000A\000f\000r\000i\000c\000a}{subsection.1.7}% 15
\BOOKMARK [2][-]{subsection.1.8}{\376\377\000I\000n\000t\000e\000r\000n\000e\000t\000\040\000o\000f\000\040\000T\000h\000i\000n\000g\000s}{section.1}% 16
\BOOKMARK [2][-]{subsection.1.9}{\376\377\000L\000o\000w\000-\000P\000o\000w\000e\000r\000e\000d\000\040\000W\000i\000d\000e\000-\000A\000r\000e\000a\000\040\000N\000e\000t\000w\000o\000r\000k\000s}{section.1}% 17
\BOOKMARK [2][-]{subsection.1.10}{\376\377\000M\000e\000t\000r\000i\000c\000s}{section.1}% 18
\BOOKMARK [2][-]{subsection.1.11}{\376\377\000U\000s\000e\000\040\000C\000a\000s\000e\000s}{section.1}% 19
\BOOKMARK [2][-]{subsection.1.12}{\376\377\000S\000m\000a\000r\000t\000\040\000M\000e\000t\000e\000r\000i\000n\000g}{section.1}% 20
\BOOKMARK [2][-]{subsection.1.13}{\376\377\000P\000u\000s\000h\000-\000P\000u\000l\000l\000\040\000M\000o\000d\000e\000l}{section.1}% 21
\BOOKMARK [2][-]{subsection.1.14}{\376\377\000E\000d\000g\000e\000\040\000C\000o\000m\000p\000u\000t\000i\000n\000g}{section.1}% 22
\BOOKMARK [2][-]{subsection.1.15}{\376\377\000N\000B\000-\000I\000o\000T}{section.1}% 23
\BOOKMARK [2][-]{subsection.1.16}{\376\377\000L\000T\000E\000\040\000A\000r\000c\000h\000i\000t\000e\000c\000t\000u\000r\000e}{section.1}% 24
\BOOKMARK [2][-]{subsection.1.17}{\376\377\000P\000e\000r\000f\000o\000r\000m\000a\000n\000c\000e\000\040\000E\000v\000a\000l\000u\000a\000t\000i\000o\000n}{section.1}% 25
\BOOKMARK [2][-]{subsection.1.18}{\376\377\000M\000N\000O\000\040\000V\000e\000n\000d\000o\000r\000s}{section.1}% 26
\BOOKMARK [2][-]{subsection.1.19}{\376\377\000U\000E\000\040\000M\000a\000n\000u\000f\000a\000c\000t\000u\000r\000e\000r\000s}{section.1}% 27
\BOOKMARK [3][-]{subsubsection.1.19.1}{\376\377\000U\000b\000l\000o\000x}{subsection.1.19}% 28
\BOOKMARK [3][-]{subsubsection.1.19.2}{\376\377\000Q\000u\000e\000c\000t\000e\000l}{subsection.1.19}% 29
\BOOKMARK [3][-]{subsubsection.1.19.3}{\376\377\000N\000o\000r\000d\000i\000c}{subsection.1.19}% 30
\BOOKMARK [3][-]{subsubsection.1.19.4}{\376\377\000S\000i\000m\000C\000o\000m}{subsection.1.19}% 31
\BOOKMARK [2][-]{subsection.1.20}{\376\377\000A\000T\000\040\000C\000o\000m\000m\000a\000n\000d\000s}{section.1}% 32
\BOOKMARK [2][-]{subsection.1.21}{\376\377\000T\000h\000e\000s\000i\000s\000\040\000s\000t\000r\000u\000c\000t\000u\000r\000e}{section.1}% 33
\BOOKMARK [1][-]{section.2}{\376\377\000N\000o\000t\000e\000s}{}% 34
\BOOKMARK [1][-]{section*.20}{\376\377\000R\000e\000f\000e\000r\000e\000n\000c\000e\000s}{}% 35
