\BOOKMARK [1][-]{section.1}{\376\377\000L\000i\000t\000e\000r\000a\000t\000u\000r\000e\000\040\000S\000t\000u\000d\000y}{}% 1
\BOOKMARK [2][-]{subsection.1.1}{\376\377\000L\000o\000R\000a\000W\000A\000N}{section.1}% 2
\BOOKMARK [2][-]{subsection.1.2}{\376\377\000D\000a\000s\000h\0007}{section.1}% 3
\BOOKMARK [2][-]{subsection.1.3}{\376\377\000S\000i\000g\000F\000o\000x}{section.1}% 4
\BOOKMARK [2][-]{subsection.1.4}{\376\377\000N\000B\000-\000I\000o\000T}{section.1}% 5
\BOOKMARK [2][-]{subsection.1.5}{\376\377\000S\000t\000a\000n\000d\000i\000n\000g\000\040\000o\000r\000\040\000P\000o\000s\000i\000t\000i\000o\000n\000i\000n\000g}{section.1}% 6
\BOOKMARK [2][-]{subsection.1.6}{\376\377\000H\000a\000r\000d\000w\000a\000r\000e}{section.1}% 7
\BOOKMARK [2][-]{subsection.1.7}{\376\377\000S\000e\000t\000u\000p\000\040\000P\000r\000o\000c\000e\000d\000u\000r\000e}{section.1}% 8
\BOOKMARK [2][-]{subsection.1.8}{\376\377\000N\000e\000t\000w\000o\000r\000k\000\040\000R\000e\000g\000i\000s\000t\000r\000a\000t\000i\000o\000n\000\040\000a\000n\000d\000\040\000I\000n\000f\000o}{section.1}% 9
\BOOKMARK [2][-]{subsection.1.9}{\376\377\000R\000R\000C\000\040\000C\000o\000n\000n\000e\000c\000t\000i\000o\000n\000\040\000a\000n\000d\000\040\000I\000n\000a\000c\000t\000i\000v\000i\000t\000y\000\040\000T\000i\000m\000e\000r}{section.1}% 10
\BOOKMARK [2][-]{subsection.1.10}{\376\377\000R\000e\000l\000e\000a\000s\000e\000\040\000A\000s\000s\000i\000s\000t\000a\000n\000c\000e}{section.1}% 11
\BOOKMARK [2][-]{subsection.1.11}{\376\377\000P\000o\000w\000e\000r\000\040\000S\000a\000v\000i\000n\000g\000\040\000M\000e\000c\000h\000a\000n\000i\000s\000m\000s}{section.1}% 12
\BOOKMARK [3][-]{subsubsection.1.11.1}{\376\377\000T\0003\0004\0001\0002\000\040\000P\000T\000A\000U\000\040\000T\000i\000m\000e\000r}{subsection.1.11}% 13
\BOOKMARK [3][-]{subsubsection.1.11.2}{\376\377\000T\0003\0003\0002\0004\000\040\000A\000c\000t\000i\000v\000e\000\040\000T\000i\000m\000e\000r}{subsection.1.11}% 14
\BOOKMARK [3][-]{subsubsection.1.11.3}{\376\377\000e\000D\000R\000X\000\040\000C\000y\000c\000l\000e\000s\000\040\000a\000n\000d\000\040\000P\000T\000W}{subsection.1.11}% 15
\BOOKMARK [2][-]{subsection.1.12}{\376\377\000S\000y\000s\000t\000e\000m\000\040\000I\000n\000f\000o\000r\000m\000a\000t\000i\000o\000n\000\040\000B\000l\000o\000c\000k\000s\000\040\000\050\000S\000I\000B\000\051}{section.1}% 16
\BOOKMARK [2][-]{subsection.1.13}{\376\377\000R\000e\000p\000e\000t\000i\000t\000i\000o\000n\000s\000\040\000a\000n\000d\000\040\000E\000x\000t\000e\000n\000d\000e\000d\000\040\000C\000o\000v\000e\000r\000a\000g\000e\000\040\000L\000e\000v\000e\000l\000\040\000\050\000E\000C\000L\000\051}{section.1}% 17
\BOOKMARK [2][-]{subsection.1.14}{\376\377\000U\000E\000\040\000D\000e\000v\000i\000c\000e\000\040\000a\000n\000d\000\040\000N\000e\000t\000w\000o\000r\000k\000\040\000B\000e\000h\000a\000v\000i\000o\000r}{section.1}% 18
\BOOKMARK [2][-]{subsection.1.15}{\376\377\000D\000a\000t\000a\000\040\000t\000r\000a\000n\000s\000m\000i\000s\000s\000i\000o\000n}{section.1}% 19
\BOOKMARK [3][-]{subsubsection.1.15.1}{\376\377\000P\000i\000n\000g}{subsection.1.15}% 20
\BOOKMARK [3][-]{subsubsection.1.15.2}{\376\377\000E\000c\000h\000o}{subsection.1.15}% 21
\BOOKMARK [2][-]{subsection.1.16}{\376\377\000A\000v\000a\000i\000l\000a\000b\000l\000e\000\040\000M\000e\000t\000r\000i\000c\000s}{section.1}% 22
\BOOKMARK [3][-]{subsubsection.1.16.1}{\376\377\000R\000S\000R\000P}{subsection.1.16}% 23
\BOOKMARK [3][-]{subsubsection.1.16.2}{\376\377\000T\000o\000t\000a\000l\000\040\000p\000o\000w\000e\000r}{subsection.1.16}% 24
\BOOKMARK [3][-]{subsubsection.1.16.3}{\376\377\000T\000r\000a\000n\000s\000m\000i\000t\000\040\000p\000o\000w\000e\000r}{subsection.1.16}% 25
\BOOKMARK [3][-]{subsubsection.1.16.4}{\376\377\000T\000X\000,\000\040\000R\000X\000\040\000T\000i\000m\000e}{subsection.1.16}% 26
\BOOKMARK [3][-]{subsubsection.1.16.5}{\376\377\000E\000C\000L}{subsection.1.16}% 27
\BOOKMARK [3][-]{subsubsection.1.16.6}{\376\377\000S\000N\000R}{subsection.1.16}% 28
\BOOKMARK [2][-]{subsection.1.17}{\376\377\000L\000a\000t\000e\000n\000c\000y}{section.1}% 29
\BOOKMARK [2][-]{subsection.1.18}{\376\377\000P\000o\000w\000e\000r\000\040\000C\000o\000n\000s\000u\000m\000p\000t\000i\000o\000n}{section.1}% 30
\BOOKMARK [2][-]{subsection.1.19}{\376\377\000D\000a\000t\000a\000\040\000U\000s\000a\000g\000e}{section.1}% 31
\BOOKMARK [2][-]{subsection.1.20}{\376\377\000A\000p\000p\000l\000i\000c\000a\000t\000i\000o\000n\000\040\000A\000r\000c\000h\000i\000t\000e\000c\000t\000u\000r\000e}{section.1}% 32
\BOOKMARK [2][-]{subsection.1.21}{\376\377\000U\000s\000e\000\040\000c\000a\000s\000e\000s}{section.1}% 33
\BOOKMARK [2][-]{subsection.1.22}{\376\377\000M\000a\000r\000t\000i\000n\000e\000z}{section.1}% 34
\BOOKMARK [2][-]{subsection.1.23}{\376\377\000N\000o\000t\000e\000s}{section.1}% 35
