This is pdfTeX, Version 3.14159265-2.6-1.40.18 (MiKTeX 2.9.6500) (preloaded format=pdflatex 2018.6.10)  29 OCT 2019 13:25
entering extended mode
**C:/GIT/masters/thesis/v8/4_results.tex
(C:/GIT/masters/thesis/v8/4_results.tex
LaTeX2e <2017-04-15>
Babel <3.15> and hyphenation patterns for 75 language(s) loaded.
("C:\Program Files (x86)\MiKTeX 2.9\tex\latex\base\article.cls"
Document Class: article 2014/09/29 v1.4h Standard LaTeX document class
("C:\Program Files (x86)\MiKTeX 2.9\tex\latex\base\size10.clo"
File: size10.clo 2014/09/29 v1.4h Standard LaTeX file (size option)
)
\c@part=\count79
\c@section=\count80
\c@subsection=\count81
\c@subsubsection=\count82
\c@paragraph=\count83
\c@subparagraph=\count84
\c@figure=\count85
\c@table=\count86
\abovecaptionskip=\skip41
\belowcaptionskip=\skip42
\bibindent=\dimen102
)
("C:\Program Files (x86)\MiKTeX 2.9\tex\latex\lm\lmodern.sty"
Package: lmodern 2009/10/30 v1.6 Latin Modern Fonts
LaTeX Font Info:    Overwriting symbol font `operators' in version `normal'
(Font)                  OT1/cmr/m/n --> OT1/lmr/m/n on input line 22.
LaTeX Font Info:    Overwriting symbol font `letters' in version `normal'
(Font)                  OML/cmm/m/it --> OML/lmm/m/it on input line 23.
LaTeX Font Info:    Overwriting symbol font `symbols' in version `normal'
(Font)                  OMS/cmsy/m/n --> OMS/lmsy/m/n on input line 24.
LaTeX Font Info:    Overwriting symbol font `largesymbols' in version `normal'
(Font)                  OMX/cmex/m/n --> OMX/lmex/m/n on input line 25.
LaTeX Font Info:    Overwriting symbol font `operators' in version `bold'
(Font)                  OT1/cmr/bx/n --> OT1/lmr/bx/n on input line 26.
LaTeX Font Info:    Overwriting symbol font `letters' in version `bold'
(Font)                  OML/cmm/b/it --> OML/lmm/b/it on input line 27.
LaTeX Font Info:    Overwriting symbol font `symbols' in version `bold'
(Font)                  OMS/cmsy/b/n --> OMS/lmsy/b/n on input line 28.
LaTeX Font Info:    Overwriting symbol font `largesymbols' in version `bold'
(Font)                  OMX/cmex/m/n --> OMX/lmex/m/n on input line 29.
LaTeX Font Info:    Overwriting math alphabet `\mathbf' in version `normal'
(Font)                  OT1/cmr/bx/n --> OT1/lmr/bx/n on input line 31.
LaTeX Font Info:    Overwriting math alphabet `\mathsf' in version `normal'
(Font)                  OT1/cmss/m/n --> OT1/lmss/m/n on input line 32.
LaTeX Font Info:    Overwriting math alphabet `\mathit' in version `normal'
(Font)                  OT1/cmr/m/it --> OT1/lmr/m/it on input line 33.
LaTeX Font Info:    Overwriting math alphabet `\mathtt' in version `normal'
(Font)                  OT1/cmtt/m/n --> OT1/lmtt/m/n on input line 34.
LaTeX Font Info:    Overwriting math alphabet `\mathbf' in version `bold'
(Font)                  OT1/cmr/bx/n --> OT1/lmr/bx/n on input line 35.
LaTeX Font Info:    Overwriting math alphabet `\mathsf' in version `bold'
(Font)                  OT1/cmss/bx/n --> OT1/lmss/bx/n on input line 36.
LaTeX Font Info:    Overwriting math alphabet `\mathit' in version `bold'
(Font)                  OT1/cmr/bx/it --> OT1/lmr/bx/it on input line 37.
LaTeX Font Info:    Overwriting math alphabet `\mathtt' in version `bold'
(Font)                  OT1/cmtt/m/n --> OT1/lmtt/m/n on input line 38.
)
("C:\Program Files (x86)\MiKTeX 2.9\tex\latex\amsfonts\amssymb.sty"
Package: amssymb 2013/01/14 v3.01 AMS font symbols

("C:\Program Files (x86)\MiKTeX 2.9\tex\latex\amsfonts\amsfonts.sty"
Package: amsfonts 2013/01/14 v3.01 Basic AMSFonts support
\@emptytoks=\toks14
\symAMSa=\mathgroup4
\symAMSb=\mathgroup5
LaTeX Font Info:    Overwriting math alphabet `\mathfrak' in version `bold'
(Font)                  U/euf/m/n --> U/euf/b/n on input line 106.
))
("C:\Program Files (x86)\MiKTeX 2.9\tex\latex\amsmath\amsmath.sty"
Package: amsmath 2017/09/02 v2.17a AMS math features
\@mathmargin=\skip43

For additional information on amsmath, use the `?' option.
("C:\Program Files (x86)\MiKTeX 2.9\tex\latex\amsmath\amstext.sty"
Package: amstext 2000/06/29 v2.01 AMS text

("C:\Program Files (x86)\MiKTeX 2.9\tex\latex\amsmath\amsgen.sty"
File: amsgen.sty 1999/11/30 v2.0 generic functions
\@emptytoks=\toks15
\ex@=\dimen103
))
("C:\Program Files (x86)\MiKTeX 2.9\tex\latex\amsmath\amsbsy.sty"
Package: amsbsy 1999/11/29 v1.2d Bold Symbols
\pmbraise@=\dimen104
)
("C:\Program Files (x86)\MiKTeX 2.9\tex\latex\amsmath\amsopn.sty"
Package: amsopn 2016/03/08 v2.02 operator names
)
\inf@bad=\count87
LaTeX Info: Redefining \frac on input line 213.
\uproot@=\count88
\leftroot@=\count89
LaTeX Info: Redefining \overline on input line 375.
\classnum@=\count90
\DOTSCASE@=\count91
LaTeX Info: Redefining \ldots on input line 472.
LaTeX Info: Redefining \dots on input line 475.
LaTeX Info: Redefining \cdots on input line 596.
\Mathstrutbox@=\box26
\strutbox@=\box27
\big@size=\dimen105
LaTeX Font Info:    Redeclaring font encoding OML on input line 712.
LaTeX Font Info:    Redeclaring font encoding OMS on input line 713.
\macc@depth=\count92
\c@MaxMatrixCols=\count93
\dotsspace@=\muskip10
\c@parentequation=\count94
\dspbrk@lvl=\count95
\tag@help=\toks16
\row@=\count96
\column@=\count97
\maxfields@=\count98
\andhelp@=\toks17
\eqnshift@=\dimen106
\alignsep@=\dimen107
\tagshift@=\dimen108
\tagwidth@=\dimen109
\totwidth@=\dimen110
\lineht@=\dimen111
\@envbody=\toks18
\multlinegap=\skip44
\multlinetaggap=\skip45
\mathdisplay@stack=\toks19
LaTeX Info: Redefining \[ on input line 2817.
LaTeX Info: Redefining \] on input line 2818.
)
("C:\Program Files (x86)\MiKTeX 2.9\tex\generic\ifxetex\ifxetex.sty"
Package: ifxetex 2010/09/12 v0.6 Provides ifxetex conditional
)
("C:\Program Files (x86)\MiKTeX 2.9\tex\generic\oberdiek\ifluatex.sty"
Package: ifluatex 2016/05/16 v1.4 Provides the ifluatex switch (HO)
Package ifluatex Info: LuaTeX not detected.
)
("C:\Program Files (x86)\MiKTeX 2.9\tex\latex\base\fixltx2e.sty"
Package: fixltx2e 2016/12/29 v2.1a fixes to LaTeX (obsolete)
Applying: [2015/01/01] Old fixltx2e package on input line 46.


Package fixltx2e Warning: fixltx2e is not required with releases after 2015
(fixltx2e)                All fixes are now in the LaTeX kernel.
(fixltx2e)                See the latexrelease package for details.

Already applied: [0000/00/00] Old fixltx2e package on input line 53.
) ("C:\Program Files (x86)\MiKTeX 2.9\tex\latex\base\fontenc.sty"
Package: fontenc 2017/04/05 v2.0i Standard LaTeX package

("C:\Program Files (x86)\MiKTeX 2.9\tex\latex\base\t1enc.def"
File: t1enc.def 2017/04/05 v2.0i Standard LaTeX file
LaTeX Font Info:    Redeclaring font encoding T1 on input line 48.
))
("C:\Program Files (x86)\MiKTeX 2.9\tex\latex\base\inputenc.sty"
Package: inputenc 2015/03/17 v1.2c Input encoding file
\inpenc@prehook=\toks20
\inpenc@posthook=\toks21

("C:\Program Files (x86)\MiKTeX 2.9\tex\latex\base\utf8.def"
File: utf8.def 2017/01/28 v1.1t UTF-8 support for inputenc
Now handling font encoding OML ...
... no UTF-8 mapping file for font encoding OML
Now handling font encoding T1 ...
... processing UTF-8 mapping file for font encoding T1

("C:\Program Files (x86)\MiKTeX 2.9\tex\latex\base\t1enc.dfu"
File: t1enc.dfu 2017/01/28 v1.1t UTF-8 support for inputenc
   defining Unicode char U+00A0 (decimal 160)
   defining Unicode char U+00A1 (decimal 161)
   defining Unicode char U+00A3 (decimal 163)
   defining Unicode char U+00AB (decimal 171)
   defining Unicode char U+00AD (decimal 173)
   defining Unicode char U+00BB (decimal 187)
   defining Unicode char U+00BF (decimal 191)
   defining Unicode char U+00C0 (decimal 192)
   defining Unicode char U+00C1 (decimal 193)
   defining Unicode char U+00C2 (decimal 194)
   defining Unicode char U+00C3 (decimal 195)
   defining Unicode char U+00C4 (decimal 196)
   defining Unicode char U+00C5 (decimal 197)
   defining Unicode char U+00C6 (decimal 198)
   defining Unicode char U+00C7 (decimal 199)
   defining Unicode char U+00C8 (decimal 200)
   defining Unicode char U+00C9 (decimal 201)
   defining Unicode char U+00CA (decimal 202)
   defining Unicode char U+00CB (decimal 203)
   defining Unicode char U+00CC (decimal 204)
   defining Unicode char U+00CD (decimal 205)
   defining Unicode char U+00CE (decimal 206)
   defining Unicode char U+00CF (decimal 207)
   defining Unicode char U+00D0 (decimal 208)
   defining Unicode char U+00D1 (decimal 209)
   defining Unicode char U+00D2 (decimal 210)
   defining Unicode char U+00D3 (decimal 211)
   defining Unicode char U+00D4 (decimal 212)
   defining Unicode char U+00D5 (decimal 213)
   defining Unicode char U+00D6 (decimal 214)
   defining Unicode char U+00D8 (decimal 216)
   defining Unicode char U+00D9 (decimal 217)
   defining Unicode char U+00DA (decimal 218)
   defining Unicode char U+00DB (decimal 219)
   defining Unicode char U+00DC (decimal 220)
   defining Unicode char U+00DD (decimal 221)
   defining Unicode char U+00DE (decimal 222)
   defining Unicode char U+00DF (decimal 223)
   defining Unicode char U+00E0 (decimal 224)
   defining Unicode char U+00E1 (decimal 225)
   defining Unicode char U+00E2 (decimal 226)
   defining Unicode char U+00E3 (decimal 227)
   defining Unicode char U+00E4 (decimal 228)
   defining Unicode char U+00E5 (decimal 229)
   defining Unicode char U+00E6 (decimal 230)
   defining Unicode char U+00E7 (decimal 231)
   defining Unicode char U+00E8 (decimal 232)
   defining Unicode char U+00E9 (decimal 233)
   defining Unicode char U+00EA (decimal 234)
   defining Unicode char U+00EB (decimal 235)
   defining Unicode char U+00EC (decimal 236)
   defining Unicode char U+00ED (decimal 237)
   defining Unicode char U+00EE (decimal 238)
   defining Unicode char U+00EF (decimal 239)
   defining Unicode char U+00F0 (decimal 240)
   defining Unicode char U+00F1 (decimal 241)
   defining Unicode char U+00F2 (decimal 242)
   defining Unicode char U+00F3 (decimal 243)
   defining Unicode char U+00F4 (decimal 244)
   defining Unicode char U+00F5 (decimal 245)
   defining Unicode char U+00F6 (decimal 246)
   defining Unicode char U+00F8 (decimal 248)
   defining Unicode char U+00F9 (decimal 249)
   defining Unicode char U+00FA (decimal 250)
   defining Unicode char U+00FB (decimal 251)
   defining Unicode char U+00FC (decimal 252)
   defining Unicode char U+00FD (decimal 253)
   defining Unicode char U+00FE (decimal 254)
   defining Unicode char U+00FF (decimal 255)
   defining Unicode char U+0100 (decimal 256)
   defining Unicode char U+0101 (decimal 257)
   defining Unicode char U+0102 (decimal 258)
   defining Unicode char U+0103 (decimal 259)
   defining Unicode char U+0104 (decimal 260)
   defining Unicode char U+0105 (decimal 261)
   defining Unicode char U+0106 (decimal 262)
   defining Unicode char U+0107 (decimal 263)
   defining Unicode char U+0108 (decimal 264)
   defining Unicode char U+0109 (decimal 265)
   defining Unicode char U+010A (decimal 266)
   defining Unicode char U+010B (decimal 267)
   defining Unicode char U+010C (decimal 268)
   defining Unicode char U+010D (decimal 269)
   defining Unicode char U+010E (decimal 270)
   defining Unicode char U+010F (decimal 271)
   defining Unicode char U+0110 (decimal 272)
   defining Unicode char U+0111 (decimal 273)
   defining Unicode char U+0112 (decimal 274)
   defining Unicode char U+0113 (decimal 275)
   defining Unicode char U+0114 (decimal 276)
   defining Unicode char U+0115 (decimal 277)
   defining Unicode char U+0116 (decimal 278)
   defining Unicode char U+0117 (decimal 279)
   defining Unicode char U+0118 (decimal 280)
   defining Unicode char U+0119 (decimal 281)
   defining Unicode char U+011A (decimal 282)
   defining Unicode char U+011B (decimal 283)
   defining Unicode char U+011C (decimal 284)
   defining Unicode char U+011D (decimal 285)
   defining Unicode char U+011E (decimal 286)
   defining Unicode char U+011F (decimal 287)
   defining Unicode char U+0120 (decimal 288)
   defining Unicode char U+0121 (decimal 289)
   defining Unicode char U+0122 (decimal 290)
   defining Unicode char U+0123 (decimal 291)
   defining Unicode char U+0124 (decimal 292)
   defining Unicode char U+0125 (decimal 293)
   defining Unicode char U+0128 (decimal 296)
   defining Unicode char U+0129 (decimal 297)
   defining Unicode char U+012A (decimal 298)
   defining Unicode char U+012B (decimal 299)
   defining Unicode char U+012C (decimal 300)
   defining Unicode char U+012D (decimal 301)
   defining Unicode char U+012E (decimal 302)
   defining Unicode char U+012F (decimal 303)
   defining Unicode char U+0130 (decimal 304)
   defining Unicode char U+0131 (decimal 305)
   defining Unicode char U+0132 (decimal 306)
   defining Unicode char U+0133 (decimal 307)
   defining Unicode char U+0134 (decimal 308)
   defining Unicode char U+0135 (decimal 309)
   defining Unicode char U+0136 (decimal 310)
   defining Unicode char U+0137 (decimal 311)
   defining Unicode char U+0139 (decimal 313)
   defining Unicode char U+013A (decimal 314)
   defining Unicode char U+013B (decimal 315)
   defining Unicode char U+013C (decimal 316)
   defining Unicode char U+013D (decimal 317)
   defining Unicode char U+013E (decimal 318)
   defining Unicode char U+0141 (decimal 321)
   defining Unicode char U+0142 (decimal 322)
   defining Unicode char U+0143 (decimal 323)
   defining Unicode char U+0144 (decimal 324)
   defining Unicode char U+0145 (decimal 325)
   defining Unicode char U+0146 (decimal 326)
   defining Unicode char U+0147 (decimal 327)
   defining Unicode char U+0148 (decimal 328)
   defining Unicode char U+014A (decimal 330)
   defining Unicode char U+014B (decimal 331)
   defining Unicode char U+014C (decimal 332)
   defining Unicode char U+014D (decimal 333)
   defining Unicode char U+014E (decimal 334)
   defining Unicode char U+014F (decimal 335)
   defining Unicode char U+0150 (decimal 336)
   defining Unicode char U+0151 (decimal 337)
   defining Unicode char U+0152 (decimal 338)
   defining Unicode char U+0153 (decimal 339)
   defining Unicode char U+0154 (decimal 340)
   defining Unicode char U+0155 (decimal 341)
   defining Unicode char U+0156 (decimal 342)
   defining Unicode char U+0157 (decimal 343)
   defining Unicode char U+0158 (decimal 344)
   defining Unicode char U+0159 (decimal 345)
   defining Unicode char U+015A (decimal 346)
   defining Unicode char U+015B (decimal 347)
   defining Unicode char U+015C (decimal 348)
   defining Unicode char U+015D (decimal 349)
   defining Unicode char U+015E (decimal 350)
   defining Unicode char U+015F (decimal 351)
   defining Unicode char U+0160 (decimal 352)
   defining Unicode char U+0161 (decimal 353)
   defining Unicode char U+0162 (decimal 354)
   defining Unicode char U+0163 (decimal 355)
   defining Unicode char U+0164 (decimal 356)
   defining Unicode char U+0165 (decimal 357)
   defining Unicode char U+0168 (decimal 360)
   defining Unicode char U+0169 (decimal 361)
   defining Unicode char U+016A (decimal 362)
   defining Unicode char U+016B (decimal 363)
   defining Unicode char U+016C (decimal 364)
   defining Unicode char U+016D (decimal 365)
   defining Unicode char U+016E (decimal 366)
   defining Unicode char U+016F (decimal 367)
   defining Unicode char U+0170 (decimal 368)
   defining Unicode char U+0171 (decimal 369)
   defining Unicode char U+0172 (decimal 370)
   defining Unicode char U+0173 (decimal 371)
   defining Unicode char U+0174 (decimal 372)
   defining Unicode char U+0175 (decimal 373)
   defining Unicode char U+0176 (decimal 374)
   defining Unicode char U+0177 (decimal 375)
   defining Unicode char U+0178 (decimal 376)
   defining Unicode char U+0179 (decimal 377)
   defining Unicode char U+017A (decimal 378)
   defining Unicode char U+017B (decimal 379)
   defining Unicode char U+017C (decimal 380)
   defining Unicode char U+017D (decimal 381)
   defining Unicode char U+017E (decimal 382)
   defining Unicode char U+01CD (decimal 461)
   defining Unicode char U+01CE (decimal 462)
   defining Unicode char U+01CF (decimal 463)
   defining Unicode char U+01D0 (decimal 464)
   defining Unicode char U+01D1 (decimal 465)
   defining Unicode char U+01D2 (decimal 466)
   defining Unicode char U+01D3 (decimal 467)
   defining Unicode char U+01D4 (decimal 468)
   defining Unicode char U+01E2 (decimal 482)
   defining Unicode char U+01E3 (decimal 483)
   defining Unicode char U+01E6 (decimal 486)
   defining Unicode char U+01E7 (decimal 487)
   defining Unicode char U+01E8 (decimal 488)
   defining Unicode char U+01E9 (decimal 489)
   defining Unicode char U+01EA (decimal 490)
   defining Unicode char U+01EB (decimal 491)
   defining Unicode char U+01F0 (decimal 496)
   defining Unicode char U+01F4 (decimal 500)
   defining Unicode char U+01F5 (decimal 501)
   defining Unicode char U+0218 (decimal 536)
   defining Unicode char U+0219 (decimal 537)
   defining Unicode char U+021A (decimal 538)
   defining Unicode char U+021B (decimal 539)
   defining Unicode char U+0232 (decimal 562)
   defining Unicode char U+0233 (decimal 563)
   defining Unicode char U+1E02 (decimal 7682)
   defining Unicode char U+1E03 (decimal 7683)
   defining Unicode char U+200C (decimal 8204)
   defining Unicode char U+2010 (decimal 8208)
   defining Unicode char U+2011 (decimal 8209)
   defining Unicode char U+2012 (decimal 8210)
   defining Unicode char U+2013 (decimal 8211)
   defining Unicode char U+2014 (decimal 8212)
   defining Unicode char U+2015 (decimal 8213)
   defining Unicode char U+2018 (decimal 8216)
   defining Unicode char U+2019 (decimal 8217)
   defining Unicode char U+201A (decimal 8218)
   defining Unicode char U+201C (decimal 8220)
   defining Unicode char U+201D (decimal 8221)
   defining Unicode char U+201E (decimal 8222)
   defining Unicode char U+2030 (decimal 8240)
   defining Unicode char U+2031 (decimal 8241)
   defining Unicode char U+2039 (decimal 8249)
   defining Unicode char U+203A (decimal 8250)
   defining Unicode char U+2423 (decimal 9251)
   defining Unicode char U+1E20 (decimal 7712)
   defining Unicode char U+1E21 (decimal 7713)
)
Now handling font encoding OT1 ...
... processing UTF-8 mapping file for font encoding OT1

("C:\Program Files (x86)\MiKTeX 2.9\tex\latex\base\ot1enc.dfu"
File: ot1enc.dfu 2017/01/28 v1.1t UTF-8 support for inputenc
   defining Unicode char U+00A0 (decimal 160)
   defining Unicode char U+00A1 (decimal 161)
   defining Unicode char U+00A3 (decimal 163)
   defining Unicode char U+00AD (decimal 173)
   defining Unicode char U+00B8 (decimal 184)
   defining Unicode char U+00BF (decimal 191)
   defining Unicode char U+00C5 (decimal 197)
   defining Unicode char U+00C6 (decimal 198)
   defining Unicode char U+00D8 (decimal 216)
   defining Unicode char U+00DF (decimal 223)
   defining Unicode char U+00E6 (decimal 230)
   defining Unicode char U+00EC (decimal 236)
   defining Unicode char U+00ED (decimal 237)
   defining Unicode char U+00EE (decimal 238)
   defining Unicode char U+00EF (decimal 239)
   defining Unicode char U+00F8 (decimal 248)
   defining Unicode char U+0131 (decimal 305)
   defining Unicode char U+0141 (decimal 321)
   defining Unicode char U+0142 (decimal 322)
   defining Unicode char U+0152 (decimal 338)
   defining Unicode char U+0153 (decimal 339)
   defining Unicode char U+0174 (decimal 372)
   defining Unicode char U+0175 (decimal 373)
   defining Unicode char U+0176 (decimal 374)
   defining Unicode char U+0177 (decimal 375)
   defining Unicode char U+0218 (decimal 536)
   defining Unicode char U+0219 (decimal 537)
   defining Unicode char U+021A (decimal 538)
   defining Unicode char U+021B (decimal 539)
   defining Unicode char U+2013 (decimal 8211)
   defining Unicode char U+2014 (decimal 8212)
   defining Unicode char U+2018 (decimal 8216)
   defining Unicode char U+2019 (decimal 8217)
   defining Unicode char U+201C (decimal 8220)
   defining Unicode char U+201D (decimal 8221)
)
Now handling font encoding OMS ...
... processing UTF-8 mapping file for font encoding OMS

("C:\Program Files (x86)\MiKTeX 2.9\tex\latex\base\omsenc.dfu"
File: omsenc.dfu 2017/01/28 v1.1t UTF-8 support for inputenc
   defining Unicode char U+00A7 (decimal 167)
   defining Unicode char U+00B6 (decimal 182)
   defining Unicode char U+00B7 (decimal 183)
   defining Unicode char U+2020 (decimal 8224)
   defining Unicode char U+2021 (decimal 8225)
   defining Unicode char U+2022 (decimal 8226)
)
Now handling font encoding OMX ...
... no UTF-8 mapping file for font encoding OMX
Now handling font encoding U ...
... no UTF-8 mapping file for font encoding U
   defining Unicode char U+00A9 (decimal 169)
   defining Unicode char U+00AA (decimal 170)
   defining Unicode char U+00AE (decimal 174)
   defining Unicode char U+00BA (decimal 186)
   defining Unicode char U+02C6 (decimal 710)
   defining Unicode char U+02DC (decimal 732)
   defining Unicode char U+200C (decimal 8204)
   defining Unicode char U+2026 (decimal 8230)
   defining Unicode char U+2122 (decimal 8482)
   defining Unicode char U+2423 (decimal 9251)
))
("C:\Program Files (x86)\MiKTeX 2.9\tex\latex\base\textcomp.sty"
Package: textcomp 2017/04/05 v2.0i Standard LaTeX package
Package textcomp Info: Sub-encoding information:
(textcomp)               5 = only ISO-Adobe without \textcurrency
(textcomp)               4 = 5 + \texteuro
(textcomp)               3 = 4 + \textohm
(textcomp)               2 = 3 + \textestimated + \textcurrency
(textcomp)               1 = TS1 - \textcircled - \t
(textcomp)               0 = TS1 (full)
(textcomp)             Font families with sub-encoding setting implement
(textcomp)             only a restricted character set as indicated.
(textcomp)             Family '?' is the default used for unknown fonts.
(textcomp)             See the documentation for details.
Package textcomp Info: Setting ? sub-encoding to TS1/1 on input line 79.

("C:\Program Files (x86)\MiKTeX 2.9\tex\latex\base\ts1enc.def"
File: ts1enc.def 2001/06/05 v3.0e (jk/car/fm) Standard LaTeX file
Now handling font encoding TS1 ...
... processing UTF-8 mapping file for font encoding TS1

("C:\Program Files (x86)\MiKTeX 2.9\tex\latex\base\ts1enc.dfu"
File: ts1enc.dfu 2017/01/28 v1.1t UTF-8 support for inputenc
   defining Unicode char U+00A2 (decimal 162)
   defining Unicode char U+00A3 (decimal 163)
   defining Unicode char U+00A4 (decimal 164)
   defining Unicode char U+00A5 (decimal 165)
   defining Unicode char U+00A6 (decimal 166)
   defining Unicode char U+00A7 (decimal 167)
   defining Unicode char U+00A8 (decimal 168)
   defining Unicode char U+00A9 (decimal 169)
   defining Unicode char U+00AA (decimal 170)
   defining Unicode char U+00AC (decimal 172)
   defining Unicode char U+00AE (decimal 174)
   defining Unicode char U+00AF (decimal 175)
   defining Unicode char U+00B0 (decimal 176)
   defining Unicode char U+00B1 (decimal 177)
   defining Unicode char U+00B2 (decimal 178)
   defining Unicode char U+00B3 (decimal 179)
   defining Unicode char U+00B4 (decimal 180)
   defining Unicode char U+00B5 (decimal 181)
   defining Unicode char U+00B6 (decimal 182)
   defining Unicode char U+00B7 (decimal 183)
   defining Unicode char U+00B9 (decimal 185)
   defining Unicode char U+00BA (decimal 186)
   defining Unicode char U+00BC (decimal 188)
   defining Unicode char U+00BD (decimal 189)
   defining Unicode char U+00BE (decimal 190)
   defining Unicode char U+00D7 (decimal 215)
   defining Unicode char U+00F7 (decimal 247)
   defining Unicode char U+0192 (decimal 402)
   defining Unicode char U+02C7 (decimal 711)
   defining Unicode char U+02D8 (decimal 728)
   defining Unicode char U+02DD (decimal 733)
   defining Unicode char U+0E3F (decimal 3647)
   defining Unicode char U+2016 (decimal 8214)
   defining Unicode char U+2020 (decimal 8224)
   defining Unicode char U+2021 (decimal 8225)
   defining Unicode char U+2022 (decimal 8226)
   defining Unicode char U+2030 (decimal 8240)
   defining Unicode char U+2031 (decimal 8241)
   defining Unicode char U+203B (decimal 8251)
   defining Unicode char U+203D (decimal 8253)
   defining Unicode char U+2044 (decimal 8260)
   defining Unicode char U+204E (decimal 8270)
   defining Unicode char U+2052 (decimal 8274)
   defining Unicode char U+20A1 (decimal 8353)
   defining Unicode char U+20A4 (decimal 8356)
   defining Unicode char U+20A6 (decimal 8358)
   defining Unicode char U+20A9 (decimal 8361)
   defining Unicode char U+20AB (decimal 8363)
   defining Unicode char U+20AC (decimal 8364)
   defining Unicode char U+20B1 (decimal 8369)
   defining Unicode char U+2103 (decimal 8451)
   defining Unicode char U+2116 (decimal 8470)
   defining Unicode char U+2117 (decimal 8471)
   defining Unicode char U+211E (decimal 8478)
   defining Unicode char U+2120 (decimal 8480)
   defining Unicode char U+2122 (decimal 8482)
   defining Unicode char U+2126 (decimal 8486)
   defining Unicode char U+2127 (decimal 8487)
   defining Unicode char U+212E (decimal 8494)
   defining Unicode char U+2190 (decimal 8592)
   defining Unicode char U+2191 (decimal 8593)
   defining Unicode char U+2192 (decimal 8594)
   defining Unicode char U+2193 (decimal 8595)
   defining Unicode char U+2329 (decimal 9001)
   defining Unicode char U+232A (decimal 9002)
   defining Unicode char U+2422 (decimal 9250)
   defining Unicode char U+25E6 (decimal 9702)
   defining Unicode char U+25EF (decimal 9711)
   defining Unicode char U+266A (decimal 9834)
))
LaTeX Info: Redefining \oldstylenums on input line 334.
Package textcomp Info: Setting cmr sub-encoding to TS1/0 on input line 349.
Package textcomp Info: Setting cmss sub-encoding to TS1/0 on input line 350.
Package textcomp Info: Setting cmtt sub-encoding to TS1/0 on input line 351.
Package textcomp Info: Setting cmvtt sub-encoding to TS1/0 on input line 352.
Package textcomp Info: Setting cmbr sub-encoding to TS1/0 on input line 353.
Package textcomp Info: Setting cmtl sub-encoding to TS1/0 on input line 354.
Package textcomp Info: Setting ccr sub-encoding to TS1/0 on input line 355.
Package textcomp Info: Setting ptm sub-encoding to TS1/4 on input line 356.
Package textcomp Info: Setting pcr sub-encoding to TS1/4 on input line 357.
Package textcomp Info: Setting phv sub-encoding to TS1/4 on input line 358.
Package textcomp Info: Setting ppl sub-encoding to TS1/3 on input line 359.
Package textcomp Info: Setting pag sub-encoding to TS1/4 on input line 360.
Package textcomp Info: Setting pbk sub-encoding to TS1/4 on input line 361.
Package textcomp Info: Setting pnc sub-encoding to TS1/4 on input line 362.
Package textcomp Info: Setting pzc sub-encoding to TS1/4 on input line 363.
Package textcomp Info: Setting bch sub-encoding to TS1/4 on input line 364.
Package textcomp Info: Setting put sub-encoding to TS1/5 on input line 365.
Package textcomp Info: Setting uag sub-encoding to TS1/5 on input line 366.
Package textcomp Info: Setting ugq sub-encoding to TS1/5 on input line 367.
Package textcomp Info: Setting ul8 sub-encoding to TS1/4 on input line 368.
Package textcomp Info: Setting ul9 sub-encoding to TS1/4 on input line 369.
Package textcomp Info: Setting augie sub-encoding to TS1/5 on input line 370.
Package textcomp Info: Setting dayrom sub-encoding to TS1/3 on input line 371.
Package textcomp Info: Setting dayroms sub-encoding to TS1/3 on input line 372.

Package textcomp Info: Setting pxr sub-encoding to TS1/0 on input line 373.
Package textcomp Info: Setting pxss sub-encoding to TS1/0 on input line 374.
Package textcomp Info: Setting pxtt sub-encoding to TS1/0 on input line 375.
Package textcomp Info: Setting txr sub-encoding to TS1/0 on input line 376.
Package textcomp Info: Setting txss sub-encoding to TS1/0 on input line 377.
Package textcomp Info: Setting txtt sub-encoding to TS1/0 on input line 378.
Package textcomp Info: Setting lmr sub-encoding to TS1/0 on input line 379.
Package textcomp Info: Setting lmdh sub-encoding to TS1/0 on input line 380.
Package textcomp Info: Setting lmss sub-encoding to TS1/0 on input line 381.
Package textcomp Info: Setting lmssq sub-encoding to TS1/0 on input line 382.
Package textcomp Info: Setting lmvtt sub-encoding to TS1/0 on input line 383.
Package textcomp Info: Setting lmtt sub-encoding to TS1/0 on input line 384.
Package textcomp Info: Setting qhv sub-encoding to TS1/0 on input line 385.
Package textcomp Info: Setting qag sub-encoding to TS1/0 on input line 386.
Package textcomp Info: Setting qbk sub-encoding to TS1/0 on input line 387.
Package textcomp Info: Setting qcr sub-encoding to TS1/0 on input line 388.
Package textcomp Info: Setting qcs sub-encoding to TS1/0 on input line 389.
Package textcomp Info: Setting qpl sub-encoding to TS1/0 on input line 390.
Package textcomp Info: Setting qtm sub-encoding to TS1/0 on input line 391.
Package textcomp Info: Setting qzc sub-encoding to TS1/0 on input line 392.
Package textcomp Info: Setting qhvc sub-encoding to TS1/0 on input line 393.
Package textcomp Info: Setting futs sub-encoding to TS1/4 on input line 394.
Package textcomp Info: Setting futx sub-encoding to TS1/4 on input line 395.
Package textcomp Info: Setting futj sub-encoding to TS1/4 on input line 396.
Package textcomp Info: Setting hlh sub-encoding to TS1/3 on input line 397.
Package textcomp Info: Setting hls sub-encoding to TS1/3 on input line 398.
Package textcomp Info: Setting hlst sub-encoding to TS1/3 on input line 399.
Package textcomp Info: Setting hlct sub-encoding to TS1/5 on input line 400.
Package textcomp Info: Setting hlx sub-encoding to TS1/5 on input line 401.
Package textcomp Info: Setting hlce sub-encoding to TS1/5 on input line 402.
Package textcomp Info: Setting hlcn sub-encoding to TS1/5 on input line 403.
Package textcomp Info: Setting hlcw sub-encoding to TS1/5 on input line 404.
Package textcomp Info: Setting hlcf sub-encoding to TS1/5 on input line 405.
Package textcomp Info: Setting pplx sub-encoding to TS1/3 on input line 406.
Package textcomp Info: Setting pplj sub-encoding to TS1/3 on input line 407.
Package textcomp Info: Setting ptmx sub-encoding to TS1/4 on input line 408.
Package textcomp Info: Setting ptmj sub-encoding to TS1/4 on input line 409.
)
("C:\Program Files (x86)\MiKTeX 2.9\tex\latex\upquote\upquote.sty"
Package: upquote 2012/04/19 v1.3 upright-quote and grave-accent glyphs in verba
tim
)
("C:\Program Files (x86)\MiKTeX 2.9\tex\latex\microtype\microtype.sty"
Package: microtype 2018/01/14 v2.7a Micro-typographical refinements (RS)

("C:\Program Files (x86)\MiKTeX 2.9\tex\latex\graphics\keyval.sty"
Package: keyval 2014/10/28 v1.15 key=value parser (DPC)
\KV@toks@=\toks22
)
\MT@toks=\toks23
\MT@count=\count99
LaTeX Info: Redefining \textls on input line 793.
\MT@outer@kern=\dimen112
LaTeX Info: Redefining \textmicrotypecontext on input line 1339.
\MT@listname@count=\count100

("C:\Program Files (x86)\MiKTeX 2.9\tex\latex\microtype\microtype-pdftex.def"
File: microtype-pdftex.def 2018/01/14 v2.7a Definitions specific to pdftex (RS)

LaTeX Info: Redefining \lsstyle on input line 913.
LaTeX Info: Redefining \lslig on input line 913.
\MT@outer@space=\skip46
)
Package microtype Info: Loading configuration file microtype.cfg.

("C:\Program Files (x86)\MiKTeX 2.9\tex\latex\microtype\microtype.cfg"
File: microtype.cfg 2018/01/14 v2.7a microtype main configuration file (RS)
))
("C:\Program Files (x86)\MiKTeX 2.9\tex\latex\ltxmisc\parskip.sty"
Package: parskip 2001/04/09 non-zero parskip adjustments
)
("C:\Program Files (x86)\MiKTeX 2.9\tex\latex\xcolor\xcolor.sty"
Package: xcolor 2016/05/11 v2.12 LaTeX color extensions (UK)

("C:\Program Files (x86)\MiKTeX 2.9\tex\latex\graphics-cfg\color.cfg"
File: color.cfg 2016/01/02 v1.6 sample color configuration
)
Package xcolor Info: Driver file: pdftex.def on input line 225.

("C:\Program Files (x86)\MiKTeX 2.9\tex\latex\graphics-def\pdftex.def"
File: pdftex.def 2017/06/24 v1.0g Graphics/color driver for pdftex
)
Package xcolor Info: Model `cmy' substituted by `cmy0' on input line 1348.
Package xcolor Info: Model `hsb' substituted by `rgb' on input line 1352.
Package xcolor Info: Model `RGB' extended on input line 1364.
Package xcolor Info: Model `HTML' substituted by `rgb' on input line 1366.
Package xcolor Info: Model `Hsb' substituted by `hsb' on input line 1367.
Package xcolor Info: Model `tHsb' substituted by `hsb' on input line 1368.
Package xcolor Info: Model `HSB' substituted by `hsb' on input line 1369.
Package xcolor Info: Model `Gray' substituted by `gray' on input line 1370.
Package xcolor Info: Model `wave' substituted by `hsb' on input line 1371.

("C:\Program Files (x86)\MiKTeX 2.9\tex\latex\graphics\dvipsnam.def"
File: dvipsnam.def 2016/06/17 v3.0m Driver-dependent file (DPC,SPQR)
)
("C:\Program Files (x86)\MiKTeX 2.9\tex\latex\xcolor\svgnam.def"
File: svgnam.def 2016/05/11 v2.12 Predefined colors according to SVG 1.1 (UK)
)
("C:\Program Files (x86)\MiKTeX 2.9\tex\latex\xcolor\x11nam.def"
File: x11nam.def 2016/05/11 v2.12 Predefined colors according to Unix/X11 (UK)
))
("C:\Program Files (x86)\MiKTeX 2.9\tex\latex\hyperref\hyperref.sty"
Package: hyperref 2017/03/14 v6.85a Hypertext links for LaTeX

("C:\Program Files (x86)\MiKTeX 2.9\tex\generic\oberdiek\hobsub-hyperref.sty"
Package: hobsub-hyperref 2016/05/16 v1.14 Bundle oberdiek, subset hyperref (HO)


("C:\Program Files (x86)\MiKTeX 2.9\tex\generic\oberdiek\hobsub-generic.sty"
Package: hobsub-generic 2016/05/16 v1.14 Bundle oberdiek, subset generic (HO)
Package: hobsub 2016/05/16 v1.14 Construct package bundles (HO)
Package: infwarerr 2016/05/16 v1.4 Providing info/warning/error messages (HO)
Package: ltxcmds 2016/05/16 v1.23 LaTeX kernel commands for general use (HO)
Package hobsub Info: Skipping package `ifluatex' (already loaded).
Package: ifvtex 2016/05/16 v1.6 Detect VTeX and its facilities (HO)
Package ifvtex Info: VTeX not detected.
Package: intcalc 2016/05/16 v1.2 Expandable calculations with integers (HO)
Package: ifpdf 2017/03/15 v3.2 Provides the ifpdf switch
Package: etexcmds 2016/05/16 v1.6 Avoid name clashes with e-TeX commands (HO)
Package etexcmds Info: Could not find \expanded.
(etexcmds)             That can mean that you are not using pdfTeX 1.50 or
(etexcmds)             that some package has redefined \expanded.
(etexcmds)             In the latter case, load this package earlier.
Package: kvsetkeys 2016/05/16 v1.17 Key value parser (HO)
Package: kvdefinekeys 2016/05/16 v1.4 Define keys (HO)
Package: pdftexcmds 2017/03/19 v0.25 Utility functions of pdfTeX for LuaTeX (HO
)
Package pdftexcmds Info: LuaTeX not detected.
Package pdftexcmds Info: \pdf@primitive is available.
Package pdftexcmds Info: \pdf@ifprimitive is available.
Package pdftexcmds Info: \pdfdraftmode found.
Package: pdfescape 2016/05/16 v1.14 Implements pdfTeX's escape features (HO)
Package: bigintcalc 2016/05/16 v1.4 Expandable calculations on big integers (HO
)
Package: bitset 2016/05/16 v1.2 Handle bit-vector datatype (HO)
Package: uniquecounter 2016/05/16 v1.3 Provide unlimited unique counter (HO)
)
Package hobsub Info: Skipping package `hobsub' (already loaded).
Package: letltxmacro 2016/05/16 v1.5 Let assignment for LaTeX macros (HO)
Package: hopatch 2016/05/16 v1.3 Wrapper for package hooks (HO)
Package: xcolor-patch 2016/05/16 xcolor patch
Package: atveryend 2016/05/16 v1.9 Hooks at the very end of document (HO)
Package atveryend Info: \enddocument detected (standard20110627).
Package: atbegshi 2016/06/09 v1.18 At begin shipout hook (HO)
Package: refcount 2016/05/16 v3.5 Data extraction from label references (HO)
Package: hycolor 2016/05/16 v1.8 Color options for hyperref/bookmark (HO)
)
("C:\Program Files (x86)\MiKTeX 2.9\tex\latex\oberdiek\auxhook.sty"
Package: auxhook 2016/05/16 v1.4 Hooks for auxiliary files (HO)
)
("C:\Program Files (x86)\MiKTeX 2.9\tex\latex\oberdiek\kvoptions.sty"
Package: kvoptions 2016/05/16 v3.12 Key value format for package options (HO)
)
\@linkdim=\dimen113
\Hy@linkcounter=\count101
\Hy@pagecounter=\count102

("C:\Program Files (x86)\MiKTeX 2.9\tex\latex\hyperref\pd1enc.def"
File: pd1enc.def 2017/03/14 v6.85a Hyperref: PDFDocEncoding definition (HO)
Now handling font encoding PD1 ...
... no UTF-8 mapping file for font encoding PD1
)
\Hy@SavedSpaceFactor=\count103

("C:\Program Files (x86)\MiKTeX 2.9\tex\latex\00miktex\hyperref.cfg"
File: hyperref.cfg 2002/06/06 v1.2 hyperref configuration of TeXLive
)
Package hyperref Info: Option `unicode' set `true' on input line 4374.

("C:\Program Files (x86)\MiKTeX 2.9\tex\latex\hyperref\puenc.def"
File: puenc.def 2017/03/14 v6.85a Hyperref: PDF Unicode definition (HO)
Now handling font encoding PU ...
... no UTF-8 mapping file for font encoding PU
)
Package hyperref Info: Hyper figures OFF on input line 4498.
Package hyperref Info: Link nesting OFF on input line 4503.
Package hyperref Info: Hyper index ON on input line 4506.
Package hyperref Info: Plain pages OFF on input line 4513.
Package hyperref Info: Backreferencing OFF on input line 4518.
Package hyperref Info: Implicit mode ON; LaTeX internals redefined.
Package hyperref Info: Bookmarks ON on input line 4751.
\c@Hy@tempcnt=\count104

("C:\Program Files (x86)\MiKTeX 2.9\tex\latex\url\url.sty"
\Urlmuskip=\muskip11
Package: url 2013/09/16  ver 3.4  Verb mode for urls, etc.
)
LaTeX Info: Redefining \url on input line 5104.
\XeTeXLinkMargin=\dimen114
\Fld@menulength=\count105
\Field@Width=\dimen115
\Fld@charsize=\dimen116
Package hyperref Info: Hyper figures OFF on input line 6358.
Package hyperref Info: Link nesting OFF on input line 6363.
Package hyperref Info: Hyper index ON on input line 6366.
Package hyperref Info: backreferencing OFF on input line 6373.
Package hyperref Info: Link coloring OFF on input line 6378.
Package hyperref Info: Link coloring with OCG OFF on input line 6383.
Package hyperref Info: PDF/A mode OFF on input line 6388.
LaTeX Info: Redefining \ref on input line 6428.
LaTeX Info: Redefining \pageref on input line 6432.
\Hy@abspage=\count106
\c@Item=\count107
\c@Hfootnote=\count108
)

Package hyperref Message: Driver (autodetected): hpdftex.

("C:\Program Files (x86)\MiKTeX 2.9\tex\latex\hyperref\hpdftex.def"
File: hpdftex.def 2017/03/14 v6.85a Hyperref driver for pdfTeX
\Fld@listcount=\count109
\c@bookmark@seq@number=\count110

("C:\Program Files (x86)\MiKTeX 2.9\tex\latex\oberdiek\rerunfilecheck.sty"
Package: rerunfilecheck 2016/05/16 v1.8 Rerun checks for auxiliary files (HO)
Package uniquecounter Info: New unique counter `rerunfilecheck' on input line 2
82.
)
\Hy@SectionHShift=\skip47
)
Package hyperref Info: Option `colorlinks' set `true' on input line 40.
Package hyperref Info: Option `breaklinks' set `true' on input line 40.

("C:\Program Files (x86)\MiKTeX 2.9\tex\latex\geometry\geometry.sty"
Package: geometry 2010/09/12 v5.6 Page Geometry
\Gm@cnth=\count111
\Gm@cntv=\count112
\c@Gm@tempcnt=\count113
\Gm@bindingoffset=\dimen117
\Gm@wd@mp=\dimen118
\Gm@odd@mp=\dimen119
\Gm@even@mp=\dimen120
\Gm@layoutwidth=\dimen121
\Gm@layoutheight=\dimen122
\Gm@layouthoffset=\dimen123
\Gm@layoutvoffset=\dimen124
\Gm@dimlist=\toks24

("C:\Program Files (x86)\MiKTeX 2.9\tex\latex\geometry\geometry.cfg"))
("C:\Program Files (x86)\MiKTeX 2.9\tex\latex\fancyvrb\fancyvrb.sty"
Package: fancyvrb 2008/02/07

Style option: `fancyvrb' v2.7a, with DG/SPQR fixes, and firstline=lastline fix 
<2008/02/07> (tvz)
\FV@CodeLineNo=\count114
\FV@InFile=\read1
\FV@TabBox=\box28
\c@FancyVerbLine=\count115
\FV@StepNumber=\count116
\FV@OutFile=\write3
)
("C:\Program Files (x86)\MiKTeX 2.9\tex\latex\tools\longtable.sty"
Package: longtable 2014/10/28 v4.11 Multi-page Table package (DPC)
\LTleft=\skip48
\LTright=\skip49
\LTpre=\skip50
\LTpost=\skip51
\LTchunksize=\count117
\LTcapwidth=\dimen125
\LT@head=\box29
\LT@firsthead=\box30
\LT@foot=\box31
\LT@lastfoot=\box32
\LT@cols=\count118
\LT@rows=\count119
\c@LT@tables=\count120
\c@LT@chunks=\count121
\LT@p@ftn=\toks25
)
("C:\Program Files (x86)\MiKTeX 2.9\tex\latex\booktabs\booktabs.sty"
Package: booktabs 2005/04/14 v1.61803 publication quality tables
\heavyrulewidth=\dimen126
\lightrulewidth=\dimen127
\cmidrulewidth=\dimen128
\belowrulesep=\dimen129
\belowbottomsep=\dimen130
\aboverulesep=\dimen131
\abovetopsep=\dimen132
\cmidrulesep=\dimen133
\cmidrulekern=\dimen134
\defaultaddspace=\dimen135
\@cmidla=\count122
\@cmidlb=\count123
\@aboverulesep=\dimen136
\@belowrulesep=\dimen137
\@thisruleclass=\count124
\@lastruleclass=\count125
\@thisrulewidth=\dimen138
)
("C:\Program Files (x86)\MiKTeX 2.9\tex\latex\mdwtools\footnote.sty"
Package: footnote 1997/01/28 1.13 Save footnotes around boxes
\fn@notes=\box33
\fn@width=\dimen139
)
("C:\Program Files (x86)\MiKTeX 2.9\tex\latex\graphics\graphicx.sty"
Package: graphicx 2017/06/01 v1.1a Enhanced LaTeX Graphics (DPC,SPQR)

("C:\Program Files (x86)\MiKTeX 2.9\tex\latex\graphics\graphics.sty"
Package: graphics 2017/06/25 v1.2c Standard LaTeX Graphics (DPC,SPQR)

("C:\Program Files (x86)\MiKTeX 2.9\tex\latex\graphics\trig.sty"
Package: trig 2016/01/03 v1.10 sin cos tan (DPC)
)
("C:\Program Files (x86)\MiKTeX 2.9\tex\latex\graphics-cfg\graphics.cfg"
File: graphics.cfg 2016/06/04 v1.11 sample graphics configuration
)
Package graphics Info: Driver file: pdftex.def on input line 99.
)
\Gin@req@height=\dimen140
\Gin@req@width=\dimen141
)
("C:\Program Files (x86)\MiKTeX 2.9\tex\latex\oberdiek\grffile.sty"
Package: grffile 2016/05/16 v1.17 Extended file name support for graphics (HO)
Package grffile Info: Option `multidot' is set to `true'.
Package grffile Info: Option `extendedchars' is set to `false'.
Package grffile Info: Option `space' is set to `true'.
Package grffile Info: \Gin@ii of package `graphicx' fixed on input line 486.
)
("C:\Program Files (x86)\MiKTeX 2.9\tex\latex\float\float.sty"
Package: float 2001/11/08 v1.3d Float enhancements (AL)
\c@float@type=\count126
\float@exts=\toks26
\float@box=\box34
\@float@everytoks=\toks27
\@floatcapt=\box35
)
("C:\Program Files (x86)\MiKTeX 2.9\tex\latex\subfig\subfig.sty"
Package: subfig 2005/06/28 ver: 1.3 subfig package

("C:\Program Files (x86)\MiKTeX 2.9\tex\latex\caption\caption.sty"
Package: caption 2018/10/06 v3.3-154 Customizing captions (AR)

("C:\Program Files (x86)\MiKTeX 2.9\tex\latex\caption\caption3.sty"
Package: caption3 2018/09/12 v1.8c caption3 kernel (AR)
Package caption3 Info: TeX engine: e-TeX on input line 64.
\captionmargin=\dimen142
\captionmargin@=\dimen143
\captionwidth=\dimen144
\caption@tempdima=\dimen145
\caption@indent=\dimen146
\caption@parindent=\dimen147
\caption@hangindent=\dimen148
)
\c@caption@flags=\count127
\c@ContinuedFloat=\count128
Package caption Info: float package is loaded.
Package caption Info: hyperref package is loaded.
Package caption Info: longtable package is loaded.

("C:\Program Files (x86)\MiKTeX 2.9\tex\latex\caption\ltcaption.sty"
Package: ltcaption 2018/08/26 v1.4-95 longtable captions (AR)
))
\c@KVtest=\count129
\sf@farskip=\skip52
\sf@captopadj=\dimen149
\sf@capskip=\skip53
\sf@nearskip=\skip54
\c@subfigure=\count130
\c@subfigure@save=\count131
\c@lofdepth=\count132
\c@subtable=\count133
\c@subtable@save=\count134
\c@lotdepth=\count135
\sf@top=\skip55
\sf@bottom=\skip56
)
("C:\Program Files (x86)\MiKTeX 2.9\tex\latex\chngcntr\chngcntr.sty"
Package: chngcntr 2018/04/09 v1.1a change counter resetting
)
\c@tableno=\count136

No file 4_results.aux.
\openout1 = `4_results.aux'.

LaTeX Font Info:    Checking defaults for OML/cmm/m/it on input line 156.
LaTeX Font Info:    ... okay on input line 156.
LaTeX Font Info:    Checking defaults for T1/cmr/m/n on input line 156.
LaTeX Font Info:    ... okay on input line 156.
LaTeX Font Info:    Checking defaults for OT1/cmr/m/n on input line 156.
LaTeX Font Info:    ... okay on input line 156.
LaTeX Font Info:    Checking defaults for OMS/cmsy/m/n on input line 156.
LaTeX Font Info:    ... okay on input line 156.
LaTeX Font Info:    Checking defaults for OMX/cmex/m/n on input line 156.
LaTeX Font Info:    ... okay on input line 156.
LaTeX Font Info:    Checking defaults for U/cmr/m/n on input line 156.
LaTeX Font Info:    ... okay on input line 156.
LaTeX Font Info:    Checking defaults for TS1/cmr/m/n on input line 156.
LaTeX Font Info:    Try loading font information for TS1+cmr on input line 156.

("C:\Program Files (x86)\MiKTeX 2.9\tex\latex\base\ts1cmr.fd"
File: ts1cmr.fd 2014/09/29 v2.5h Standard LaTeX font definitions
)
LaTeX Font Info:    ... okay on input line 156.
LaTeX Font Info:    Checking defaults for PD1/pdf/m/n on input line 156.
LaTeX Font Info:    ... okay on input line 156.
LaTeX Font Info:    Checking defaults for PU/pdf/m/n on input line 156.
LaTeX Font Info:    ... okay on input line 156.
LaTeX Font Info:    Try loading font information for T1+lmr on input line 156.

("C:\Program Files (x86)\MiKTeX 2.9\tex\latex\lm\t1lmr.fd"
File: t1lmr.fd 2009/10/30 v1.6 Font defs for Latin Modern
)
LaTeX Info: Redefining \microtypecontext on input line 156.
Package microtype Info: Generating PDF output.
Package microtype Info: Character protrusion enabled (level 2).
Package microtype Info: Using protrusion set `basicmath'.
Package microtype Info: Automatic font expansion enabled (level 2),
(microtype)             stretch: 20, shrink: 20, step: 1, non-selected.
Package microtype Info: Using default expansion set `basictext'.
Package microtype Info: No adjustment of tracking.
Package microtype Info: No adjustment of interword spacing.
Package microtype Info: No adjustment of character kerning.

("C:\Program Files (x86)\MiKTeX 2.9\tex\latex\microtype\mt-cmr.cfg"
File: mt-cmr.cfg 2013/05/19 v2.2 microtype config. file: Computer Modern Roman 
(RS)
)
("C:\Program Files (x86)\MiKTeX 2.9\tex\context\base\supp-pdf.mkii"
[Loading MPS to PDF converter (version 2006.09.02).]
\scratchcounter=\count137
\scratchdimen=\dimen150
\scratchbox=\box36
\nofMPsegments=\count138
\nofMParguments=\count139
\everyMPshowfont=\toks28
\MPscratchCnt=\count140
\MPscratchDim=\dimen151
\MPnumerator=\count141
\makeMPintoPDFobject=\count142
\everyMPtoPDFconversion=\toks29
) ("C:\Program Files (x86)\MiKTeX 2.9\tex\latex\oberdiek\epstopdf-base.sty"
Package: epstopdf-base 2016/05/15 v2.6 Base part for package epstopdf

("C:\Program Files (x86)\MiKTeX 2.9\tex\latex\oberdiek\grfext.sty"
Package: grfext 2016/05/16 v1.2 Manage graphics extensions (HO)
)
Package epstopdf-base Info: Redefining graphics rule for `.eps' on input line 4
38.
Package grfext Info: Graphics extension search list:
(grfext)             [.pdf,.png,.jpg,.mps,.jpeg,.jbig2,.jb2,.PDF,.PNG,.JPG,.JPE
G,.JBIG2,.JB2,.eps]
(grfext)             \AppendGraphicsExtensions on input line 456.
)
\AtBeginShipoutBox=\box37
Package hyperref Info: Link coloring ON on input line 156.

("C:\Program Files (x86)\MiKTeX 2.9\tex\latex\hyperref\nameref.sty"
Package: nameref 2016/05/21 v2.44 Cross-referencing by name of section

("C:\Program Files (x86)\MiKTeX 2.9\tex\generic\oberdiek\gettitlestring.sty"
Package: gettitlestring 2016/05/16 v1.5 Cleanup title references (HO)
)
\c@section@level=\count143
)
LaTeX Info: Redefining \ref on input line 156.
LaTeX Info: Redefining \pageref on input line 156.
LaTeX Info: Redefining \nameref on input line 156.
\@outlinefile=\write4
\openout4 = `4_results.out'.


*geometry* driver: auto-detecting
*geometry* detected driver: pdftex
*geometry* verbose mode - [ preamble ] result:
* driver: pdftex
* paper: <default>
* layout: <same size as paper>
* layoutoffset:(h,v)=(0.0pt,0.0pt)
* modes: 
* h-part:(L,W,R)=(85.35826pt, 443.57848pt, 85.35826pt)
* v-part:(T,H,B)=(56.9055pt, 681.15898pt, 56.9055pt)
* \paperwidth=614.295pt
* \paperheight=794.96999pt
* \textwidth=443.57848pt
* \textheight=681.15898pt
* \oddsidemargin=13.08827pt
* \evensidemargin=13.08827pt
* \topmargin=-52.36449pt
* \headheight=12.0pt
* \headsep=25.0pt
* \topskip=10.0pt
* \footskip=30.0pt
* \marginparwidth=65.0pt
* \marginparsep=11.0pt
* \columnsep=10.0pt
* \skip\footins=9.0pt plus 4.0pt minus 2.0pt
* \hoffset=0.0pt
* \voffset=0.0pt
* \mag=1000
* \@twocolumnfalse
* \@twosidefalse
* \@mparswitchfalse
* \@reversemarginfalse
* (1in=72.27pt=25.4mm, 1cm=28.453pt)

Package caption Info: Begin \AtBeginDocument code.
Package caption Info: subfig package v1.3 is loaded.
Package caption Info: End \AtBeginDocument code.
LaTeX Font Info:    Try loading font information for OT1+lmr on input line 158.

("C:\Program Files (x86)\MiKTeX 2.9\tex\latex\lm\ot1lmr.fd"
File: ot1lmr.fd 2009/10/30 v1.6 Font defs for Latin Modern
)
LaTeX Font Info:    Try loading font information for OML+lmm on input line 158.


("C:\Program Files (x86)\MiKTeX 2.9\tex\latex\lm\omllmm.fd"
File: omllmm.fd 2009/10/30 v1.6 Font defs for Latin Modern
)
LaTeX Font Info:    Try loading font information for OMS+lmsy on input line 158
.

("C:\Program Files (x86)\MiKTeX 2.9\tex\latex\lm\omslmsy.fd"
File: omslmsy.fd 2009/10/30 v1.6 Font defs for Latin Modern
)
LaTeX Font Info:    Try loading font information for OMX+lmex on input line 158
.

("C:\Program Files (x86)\MiKTeX 2.9\tex\latex\lm\omxlmex.fd"
File: omxlmex.fd 2009/10/30 v1.6 Font defs for Latin Modern
)
LaTeX Font Info:    External font `lmex10' loaded for size
(Font)              <12> on input line 158.
LaTeX Font Info:    External font `lmex10' loaded for size
(Font)              <8> on input line 158.
LaTeX Font Info:    External font `lmex10' loaded for size
(Font)              <6> on input line 158.
LaTeX Font Info:    Try loading font information for U+msa on input line 158.

("C:\Program Files (x86)\MiKTeX 2.9\tex\latex\amsfonts\umsa.fd"
File: umsa.fd 2013/01/14 v3.01 AMS symbols A
)
("C:\Program Files (x86)\MiKTeX 2.9\tex\latex\microtype\mt-msa.cfg"
File: mt-msa.cfg 2006/02/04 v1.1 microtype config. file: AMS symbols (a) (RS)
)
LaTeX Font Info:    Try loading font information for U+msb on input line 158.

("C:\Program Files (x86)\MiKTeX 2.9\tex\latex\amsfonts\umsb.fd"
File: umsb.fd 2013/01/14 v3.01 AMS symbols B
)
("C:\Program Files (x86)\MiKTeX 2.9\tex\latex\microtype\mt-msb.cfg"
File: mt-msb.cfg 2005/06/01 v1.0 microtype config. file: AMS symbols (b) (RS)
)
\tf@toc=\write5
\openout5 = `4_results.toc'.

\tf@lot=\write6
\openout6 = `4_results.lot'.

\tf@lof=\write7
\openout7 = `4_results.lof'.

LaTeX Font Info:    Try loading font information for TS1+lmr on input line 189.


("C:\Program Files (x86)\MiKTeX 2.9\tex\latex\lm\ts1lmr.fd"
File: ts1lmr.fd 2009/10/30 v1.6 Font defs for Latin Modern
) [1

{C:/Users/d7rob/AppData/Local/MiKTeX/2.9/pdftex/config/pdftex.map}]

LaTeX Warning: Reference `design' on page 2 undefined on input line 209.

<../../../masters/code/tests/plotterk/Signal_power_txTime_plot.pdf, id=20, page
box=cropbox, 734.52873pt x 717.76837pt>
File: ../../../masters/code/tests/plotterk/Signal_power_txTime_plot.pdf Graphic
 file (type pdf)
<use ../../../masters/code/tests/plotterk/Signal_power_txTime_plot.pdf>
Package pdftex.def Info: ../../../masters/code/tests/plotterk/Signal_power_txTi
me_plot.pdf  used on input line 225. on input line 225.
Package pdftex.def Info: Requested size: 443.58987pt x 433.46812pt on input lin
e 225.

Package caption Warning: The option `hypcap=true' will be ignored for this
(caption)                particular \caption on input line 226.
See the caption package documentation for explanation.

LaTeX Font Info:    External font `lmex10' loaded for size
(Font)              <10> on input line 229.
LaTeX Font Info:    External font `lmex10' loaded for size
(Font)              <7> on input line 229.
LaTeX Font Info:    External font `lmex10' loaded for size
(Font)              <5> on input line 229.

Package hyperref Warning: Suppressing empty link on input line 231.


Package hyperref Warning: Suppressing empty link on input line 233.

[2 <../../../masters/code/tests/plotterk/Signal_power_txTime_plot.pdf>]

LaTeX Warning: Reference `fig:sinr_latency' on page 3 undefined on input line 2
46.


LaTeX Warning: Reference `fig:latency_rsrp' on page 3 undefined on input line 2
47.


Package hyperref Warning: Suppressing empty link on input line 266.


LaTeX Warning: Reference `fig:sinr_latency' on page 3 undefined on input line 2
69.

<../../../masters/code/tests/joplotterk/Signal_power_txTime_plot.png, id=1450, 
730.73pt x 717.68124pt>
File: ../../../masters/code/tests/joplotterk/Signal_power_txTime_plot.png Graph
ic file (type png)
<use ../../../masters/code/tests/joplotterk/Signal_power_txTime_plot.png>
Package pdftex.def Info: ../../../masters/code/tests/joplotterk/Signal_power_tx
Time_plot.png  used on input line 276. on input line 276.
Package pdftex.def Info: Requested size: 443.58154pt x 435.66045pt on input lin
e 276.
[3]
LaTeX Font Info:    Try loading font information for T1+lmtt on input line 283.

 ("C:\Program Files (x86)\MiKTeX 2.9\tex\latex\lm\t1lmtt.fd"
File: t1lmtt.fd 2009/10/30 v1.6 Font defs for Latin Modern
)
<../../../masters/code/tests/plotterk/Signal_power_txTimeNW_plot.pdf, id=1456, 
pagebox=cropbox, 734.52873pt x 717.76837pt>
File: ../../../masters/code/tests/plotterk/Signal_power_txTimeNW_plot.pdf Graph
ic file (type pdf)
<use ../../../masters/code/tests/plotterk/Signal_power_txTimeNW_plot.pdf>
Package pdftex.def Info: ../../../masters/code/tests/plotterk/Signal_power_txTi
meNW_plot.pdf  used on input line 292. on input line 292.
Package pdftex.def Info: Requested size: 443.58987pt x 433.46812pt on input lin
e 292.


Package caption Warning: The option `hypcap=true' will be ignored for this
(caption)                particular \caption on input line 293.
See the caption package documentation for explanation.


Package hyperref Warning: Suppressing empty link on input line 298.

[4 <../../../masters/code/tests/joplotterk/Signal_power_txTime_plot.png>]

LaTeX Warning: Reference `fig:txTimeNW' on page 5 undefined on input line 300.

<../../../masters/code/tests/plotterk/Signal_power_txTimeNW_outliers.pdf, id=14
68, pagebox=cropbox, 736.88728pt x 435.32024pt>
File: ../../../masters/code/tests/plotterk/Signal_power_txTimeNW_outliers.pdf G
raphic file (type pdf)
<use ../../../masters/code/tests/plotterk/Signal_power_txTimeNW_outliers.pdf>
Package pdftex.def Info: ../../../masters/code/tests/plotterk/Signal_power_txTi
meNW_outliers.pdf  used on input line 323. on input line 323.
Package pdftex.def Info: Requested size: 443.57501pt x 262.04439pt on input lin
e 323.

Package caption Warning: The option `hypcap=true' will be ignored for this
(caption)                particular \caption on input line 324.
See the caption package documentation for explanation.


Package hyperref Warning: Suppressing empty link on input line 329.


Package hyperref Warning: Suppressing empty link on input line 331.

[5 <../../../masters/code/tests/plotterk/Signal_power_txTimeNW_plot.pdf>]

LaTeX Warning: Reference `fig:txTimeNW_otl' on page 6 undefined on input line 3
33.

<../../../masters/code/tests/joplotterk/Signal_power_txTimeNW_plot.png, id=2179
, 733.74126pt x 717.68124pt>
File: ../../../masters/code/tests/joplotterk/Signal_power_txTimeNW_plot.png Gra
phic file (type png)
<use ../../../masters/code/tests/joplotterk/Signal_power_txTimeNW_plot.png>
Package pdftex.def Info: ../../../masters/code/tests/joplotterk/Signal_power_tx
TimeNW_plot.png  used on input line 342. on input line 342.
Package pdftex.def Info: Requested size: 443.58455pt x 433.87544pt on input lin
e 342.
[6 <../../../masters/code/tests/plotterk/Signal_power_txTimeNW_outliers.pdf>]
<../../../masters/code/tests/plotterk/Signal_power_rxTimeNW_plot.pdf, id=2285, 
pagebox=cropbox, 731.32928pt x 717.76837pt>
File: ../../../masters/code/tests/plotterk/Signal_power_rxTimeNW_plot.pdf Graph
ic file (type pdf)
<use ../../../masters/code/tests/plotterk/Signal_power_rxTimeNW_plot.pdf>
Package pdftex.def Info: ../../../masters/code/tests/plotterk/Signal_power_rxTi
meNW_plot.pdf  used on input line 351. on input line 351.
Package pdftex.def Info: Requested size: 443.57709pt x 435.35191pt on input lin
e 351.


Package caption Warning: The option `hypcap=true' will be ignored for this
(caption)                particular \caption on input line 352.
See the caption package documentation for explanation.


Package hyperref Warning: Suppressing empty link on input line 357.

[7 <../../../masters/code/tests/joplotterk/Signal_power_txTimeNW_plot.png>]
<../../../masters/code/tests/plotterk/Signal_power_rxTimeNW_outliers.pdf, id=22
95, pagebox=cropbox, 731.32928pt x 435.32024pt>
File: ../../../masters/code/tests/plotterk/Signal_power_rxTimeNW_outliers.pdf G
raphic file (type pdf)
<use ../../../masters/code/tests/plotterk/Signal_power_rxTimeNW_outliers.pdf>
Package pdftex.def Info: ../../../masters/code/tests/plotterk/Signal_power_rxTi
meNW_outliers.pdf  used on input line 377. on input line 377.
Package pdftex.def Info: Requested size: 443.57709pt x 264.03711pt on input lin
e 377.


Package caption Warning: The option `hypcap=true' will be ignored for this
(caption)                particular \caption on input line 378.
See the caption package documentation for explanation.


Package hyperref Warning: Suppressing empty link on input line 383.


Package hyperref Warning: Suppressing empty link on input line 385.

[8 <../../../masters/code/tests/plotterk/Signal_power_rxTimeNW_plot.pdf>]
<../../../masters/code/tests/joplotterk/Signal_power_rxTimeNW_plot.png, id=3439
, 730.73pt x 717.68124pt>
File: ../../../masters/code/tests/joplotterk/Signal_power_rxTimeNW_plot.png Gra
phic file (type png)
<use ../../../masters/code/tests/joplotterk/Signal_power_rxTimeNW_plot.png>
Package pdftex.def Info: ../../../masters/code/tests/joplotterk/Signal_power_rx
TimeNW_plot.png  used on input line 392. on input line 392.
Package pdftex.def Info: Requested size: 443.58154pt x 435.66045pt on input lin
e 392.

[9 <../../../masters/code/tests/plotterk/Signal_power_rxTimeNW_outliers.pdf>]
<../../../masters/code/tests/plotterk/Signal_power_energy_plot.pdf, id=3628, pa
gebox=cropbox, 724.94606pt x 717.76837pt>
File: ../../../masters/code/tests/plotterk/Signal_power_energy_plot.pdf Graphic
 file (type pdf)
<use ../../../masters/code/tests/plotterk/Signal_power_energy_plot.pdf>
Package pdftex.def Info: ../../../masters/code/tests/plotterk/Signal_power_ener
gy_plot.pdf  used on input line 418. on input line 418.
Package pdftex.def Info: Requested size: 443.57706pt x 439.1852pt on input line
 418.


Package caption Warning: The option `hypcap=true' will be ignored for this
(caption)                particular \caption on input line 419.
See the caption package documentation for explanation.


Package hyperref Warning: Suppressing empty link on input line 424.

[10 <../../../masters/code/tests/joplotterk/Signal_power_rxTimeNW_plot.png>]
<../../../masters/code/tests/plotterk/Signal_power_energy_outliers.pdf, id=3640
, pagebox=cropbox, 731.32928pt x 435.32024pt>
File: ../../../masters/code/tests/plotterk/Signal_power_energy_outliers.pdf Gra
phic file (type pdf)
<use ../../../masters/code/tests/plotterk/Signal_power_energy_outliers.pdf>
Package pdftex.def Info: ../../../masters/code/tests/plotterk/Signal_power_ener
gy_outliers.pdf  used on input line 438. on input line 438.
Package pdftex.def Info: Requested size: 443.57709pt x 264.03711pt on input lin
e 438.


Package caption Warning: The option `hypcap=true' will be ignored for this
(caption)                particular \caption on input line 439.
See the caption package documentation for explanation.


Package hyperref Warning: Suppressing empty link on input line 444.

[11 <../../../masters/code/tests/plotterk/Signal_power_energy_plot.pdf>]

Package hyperref Warning: Suppressing empty link on input line 464.

<../../../masters/code/tests/joplotterk/Signal_power_energy_plot.png, id=4963, 
749.80125pt x 717.68124pt>
File: ../../../masters/code/tests/joplotterk/Signal_power_energy_plot.png Graph
ic file (type png)
<use ../../../masters/code/tests/joplotterk/Signal_power_energy_plot.png>
Package pdftex.def Info: ../../../masters/code/tests/joplotterk/Signal_power_en
ergy_plot.png  used on input line 468. on input line 468.
Package pdftex.def Info: Requested size: 443.58022pt x 424.57811pt on input lin
e 468.
[12 <../../../masters/code/tests/plotterk/Signal_power_energy_outliers.pdf>]
<../../../masters/code/tests/plotterk/txTime_energy_plot.pdf, id=5139, pagebox=
cropbox, 726.12527pt x 717.76837pt>
File: ../../../masters/code/tests/plotterk/txTime_energy_plot.pdf Graphic file 
(type pdf)
<use ../../../masters/code/tests/plotterk/txTime_energy_plot.pdf>
Package pdftex.def Info: ../../../masters/code/tests/plotterk/txTime_energy_plo
t.pdf  used on input line 477. on input line 477.
Package pdftex.def Info: Requested size: 443.58948pt x 438.48425pt on input lin
e 477.


Package caption Warning: The option `hypcap=true' will be ignored for this
(caption)                particular \caption on input line 478.
See the caption package documentation for explanation.


Package hyperref Warning: Suppressing empty link on input line 483.

[13 <../../../masters/code/tests/joplotterk/Signal_power_energy_plot.png>]
<../../../masters/code/tests/plotterk/txTime_energy_outliers.pdf, id=5148, page
box=cropbox, 737.71251pt x 435.32024pt>
File: ../../../masters/code/tests/plotterk/txTime_energy_outliers.pdf Graphic f
ile (type pdf)
<use ../../../masters/code/tests/plotterk/txTime_energy_outliers.pdf>
Package pdftex.def Info: ../../../masters/code/tests/plotterk/txTime_energy_out
liers.pdf  used on input line 502. on input line 502.
Package pdftex.def Info: Requested size: 443.58772pt x 261.75876pt on input lin
e 502.


Package caption Warning: The option `hypcap=true' will be ignored for this
(caption)                particular \caption on input line 503.
See the caption package documentation for explanation.


Package hyperref Warning: Suppressing empty link on input line 508.

[14 <../../../masters/code/tests/plotterk/txTime_energy_plot.pdf>]
<../../../masters/code/tests/joplotterk/txTime_energy_plot.png, id=6204, 739.76
375pt x 717.68124pt>
File: ../../../masters/code/tests/joplotterk/txTime_energy_plot.png Graphic fil
e (type png)
<use ../../../masters/code/tests/joplotterk/txTime_energy_plot.png>
Package pdftex.def Info: ../../../masters/code/tests/joplotterk/txTime_energy_p
lot.png  used on input line 523. on input line 523.
Package pdftex.def Info: Requested size: 443.57947pt x 430.33829pt on input lin
e 523.
 [15 <../../../masters/code/tests/plotterk/txTime_energy_outliers.pdf>]
<../images/LTE-RF-Conditions.png, id=6358, 225.84375pt x 95.6072pt>
File: ../images/LTE-RF-Conditions.png Graphic file (type png)
<use ../images/LTE-RF-Conditions.png>
Package pdftex.def Info: ../images/LTE-RF-Conditions.png  used on input line 54
1. on input line 541.
Package pdftex.def Info: Requested size: 225.85352pt x 95.61131pt on input line
 541.
 [16 <../../../masters/code/tests/joplotterk/txTime_energy_plot.png> <../images
/LTE-RF-Conditions.png>]

Package longtable Warning: Column widths have changed
(longtable)                in table tableno:1 on input line 566.

<../../../masters/code/tests/plotterk/Signal_power_Total_power_plot.pdf, id=637
1, pagebox=cropbox, 739.73569pt x 717.76837pt>
File: ../../../masters/code/tests/plotterk/Signal_power_Total_power_plot.pdf Gr
aphic file (type pdf)
<use ../../../masters/code/tests/plotterk/Signal_power_Total_power_plot.pdf>
Package pdftex.def Info: ../../../masters/code/tests/plotterk/Signal_power_Tota
l_power_plot.pdf  used on input line 575. on input line 575.
Package pdftex.def Info: Requested size: 443.58522pt x 430.41245pt on input lin
e 575.

Package caption Warning: The option `hypcap=true' will be ignored for this
(caption)                particular \caption on input line 576.
See the caption package documentation for explanation.


Package hyperref Warning: Suppressing empty link on input line 581.

[17 <../../../masters/code/tests/plotterk/Signal_power_Total_power_plot.pdf>]

Package hyperref Warning: Suppressing empty link on input line 594.


Package hyperref Warning: Suppressing empty link on input line 596.

<../images/CableFree-LTE-RSRQ-reporting-range.png, id=7487, 225.84375pt x 89.58
469pt>
File: ../images/CableFree-LTE-RSRQ-reporting-range.png Graphic file (type png)
<use ../images/CableFree-LTE-RSRQ-reporting-range.png>
Package pdftex.def Info: ../images/CableFree-LTE-RSRQ-reporting-range.png  used
 on input line 605. on input line 605.
Package pdftex.def Info: Requested size: 225.85696pt x 89.58992pt on input line
 605.
<../../../masters/code/tests/plotterk/Signal_power_RSRQ_plot.pdf, id=7488, page
box=cropbox, 733.35246pt x 717.76837pt>
File: ../../../masters/code/tests/plotterk/Signal_power_RSRQ_plot.pdf Graphic f
ile (type pdf)
<use ../../../masters/code/tests/plotterk/Signal_power_RSRQ_plot.pdf>
Package pdftex.def Info: ../../../masters/code/tests/plotterk/Signal_power_RSRQ
_plot.pdf  used on input line 623. on input line 623.
Package pdftex.def Info: Requested size: 443.5733pt x 434.14716pt on input line
 623.

Package caption Warning: The option `hypcap=true' will be ignored for this
(caption)                particular \caption on input line 624.
See the caption package documentation for explanation.


Package hyperref Warning: Suppressing empty link on input line 629.

[18 <../images/CableFree-LTE-RSRQ-reporting-range.png>]
<../../../masters/code/tests/plotterk/RSRQ_histogram.pdf, id=7497, pagebox=crop
box, 1011.78pt x 289.08pt>
File: ../../../masters/code/tests/plotterk/RSRQ_histogram.pdf Graphic file (typ
e pdf)
<use ../../../masters/code/tests/plotterk/RSRQ_histogram.pdf>
Package pdftex.def Info: ../../../masters/code/tests/plotterk/RSRQ_histogram.pd
f  used on input line 642. on input line 642.
Package pdftex.def Info: Requested size: 443.57896pt x 126.73685pt on input lin
e 642.


Package caption Warning: The option `hypcap=true' will be ignored for this
(caption)                particular \caption on input line 643.
See the caption package documentation for explanation.


Package hyperref Warning: Suppressing empty link on input line 648.

[19 <../../../masters/code/tests/plotterk/Signal_power_RSRQ_plot.pdf> <../../..
/masters/code/tests/plotterk/RSRQ_histogram.pdf

pdfTeX warning: pdflatex (file ../../../masters/code/tests/plotterk/RSRQ_histog
ram.pdf): PDF inclusion: multiple pdfs with page group included in a single pag
e
>]
File: ../../../masters/code/tests/plotterk/Signal_power_RSRQ_plot.pdf Graphic f
ile (type pdf)
<use ../../../masters/code/tests/plotterk/Signal_power_RSRQ_plot.pdf>
Package pdftex.def Info: ../../../masters/code/tests/plotterk/Signal_power_RSRQ
_plot.pdf  used on input line 685. on input line 685.
Package pdftex.def Info: Requested size: 443.5733pt x 434.14716pt on input line
 685.


Package caption Warning: The option `hypcap=true' will be ignored for this
(caption)                particular \caption on input line 686.
See the caption package documentation for explanation.


Package hyperref Warning: Suppressing empty link on input line 691.

[20]
<../../../masters/code/tests/plotterk/SNR_histogram.pdf, id=8669, pagebox=cropb
ox, 1011.78pt x 289.08pt>
File: ../../../masters/code/tests/plotterk/SNR_histogram.pdf Graphic file (type
 pdf)
<use ../../../masters/code/tests/plotterk/SNR_histogram.pdf>
Package pdftex.def Info: ../../../masters/code/tests/plotterk/SNR_histogram.pdf
  used on input line 706. on input line 706.
Package pdftex.def Info: Requested size: 443.57896pt x 126.73685pt on input lin
e 706.


Package caption Warning: The option `hypcap=true' will be ignored for this
(caption)                particular \caption on input line 707.
See the caption package documentation for explanation.


Package hyperref Warning: Suppressing empty link on input line 712.

[21 <../../../masters/code/tests/plotterk/SNR_histogram.pdf>]
<../../../masters/code/tests/plotterk/Signal_power_TX_power_plot.pdf, id=8726, 
pagebox=cropbox, 733.35246pt x 717.76837pt>
File: ../../../masters/code/tests/plotterk/Signal_power_TX_power_plot.pdf Graph
ic file (type pdf)
<use ../../../masters/code/tests/plotterk/Signal_power_TX_power_plot.pdf>
Package pdftex.def Info: ../../../masters/code/tests/plotterk/Signal_power_TX_p
ower_plot.pdf  used on input line 719. on input line 719.
Package pdftex.def Info: Requested size: 443.5733pt x 434.14716pt on input line
 719.


Package caption Warning: The option `hypcap=true' will be ignored for this
(caption)                particular \caption on input line 720.
See the caption package documentation for explanation.


Package hyperref Warning: Suppressing empty link on input line 725.


Package hyperref Warning: Suppressing empty link on input line 743.

[22 <../../../masters/code/tests/plotterk/Signal_power_TX_power_plot.pdf>]
<../../code/tests/plotterk/Signal_power_RLC_DL_plot.png, id=9482, 730.73pt x 71
7.68124pt>
File: ../../code/tests/plotterk/Signal_power_RLC_DL_plot.png Graphic file (type
 png)
<use ../../code/tests/plotterk/Signal_power_RLC_DL_plot.png>
Package pdftex.def Info: ../../code/tests/plotterk/Signal_power_RLC_DL_plot.png
  used on input line 768. on input line 768.
Package pdftex.def Info: Requested size: 443.58154pt x 435.66045pt on input lin
e 768.
<../../code/tests/plotterk/Signal_power_RLC_UL_plot.png, id=9483, 737.75626pt x
 717.68124pt>
File: ../../code/tests/plotterk/Signal_power_RLC_UL_plot.png Graphic file (type
 png)
<use ../../code/tests/plotterk/Signal_power_RLC_UL_plot.png>
Package pdftex.def Info: ../../code/tests/plotterk/Signal_power_RLC_UL_plot.png
  used on input line 774. on input line 774.
Package pdftex.def Info: Requested size: 443.58026pt x 431.51004pt on input lin
e 774.

[23 <../../code/tests/plotterk/Signal_power_RLC_DL_plot.png>]
<../../code/tests/plotterk/Signal_power_MAC_DL_plot.png, id=9491, 736.7525pt x 
717.68124pt>
File: ../../code/tests/plotterk/Signal_power_MAC_DL_plot.png Graphic file (type
 png)
<use ../../code/tests/plotterk/Signal_power_MAC_DL_plot.png>
Package pdftex.def Info: ../../code/tests/plotterk/Signal_power_MAC_DL_plot.png
  used on input line 780. on input line 780.
Package pdftex.def Info: Requested size: 443.57257pt x 432.09044pt on input lin
e 780.
 [24 <../../code/tests/plotterk/Signal_power_RLC_UL_plot.png>]
<../../code/tests/plotterk/Signal_power_MAC_UL_plot.png, id=9498, 737.75626pt x
 717.68124pt>
File: ../../code/tests/plotterk/Signal_power_MAC_UL_plot.png Graphic file (type
 png)
<use ../../code/tests/plotterk/Signal_power_MAC_UL_plot.png>
Package pdftex.def Info: ../../code/tests/plotterk/Signal_power_MAC_UL_plot.png
  used on input line 786. on input line 786.
Package pdftex.def Info: Requested size: 443.58026pt x 431.51004pt on input lin
e 786.
 [25 <../../code/tests/plotterk/Signal_power_MAC_DL_plot.png>]

LaTeX Warning: Reference `fig:udpsize' on page 26 undefined on input line 793.

<../../../masters/code/tests/plotterk/Signal_power_txBytes_plot.pdf, id=9506, p
agebox=cropbox, 740.91196pt x 717.76837pt>
File: ../../../masters/code/tests/plotterk/Signal_power_txBytes_plot.pdf Graphi
c file (type pdf)
<use ../../../masters/code/tests/plotterk/Signal_power_txBytes_plot.pdf>
Package pdftex.def Info: ../../../masters/code/tests/plotterk/Signal_power_txBy
tes_plot.pdf  used on input line 811. on input line 811.
Package pdftex.def Info: Requested size: 443.57834pt x 429.72244pt on input lin
e 811.

Package caption Warning: The option `hypcap=true' will be ignored for this
(caption)                particular \caption on input line 812.
See the caption package documentation for explanation.


Package hyperref Warning: Suppressing empty link on input line 817.

[26 <../../code/tests/plotterk/Signal_power_MAC_UL_plot.png>]
<../../../masters/code/tests/plotterk/Signal_power_txBytes_outliers.pdf, id=951
7, pagebox=cropbox, 734.447pt x 435.32024pt>
File: ../../../masters/code/tests/plotterk/Signal_power_txBytes_outliers.pdf Gr
aphic file (type pdf)
<use ../../../masters/code/tests/plotterk/Signal_power_txBytes_outliers.pdf>
Package pdftex.def Info: ../../../masters/code/tests/plotterk/Signal_power_txBy
tes_outliers.pdf  used on input line 835. on input line 835.
Package pdftex.def Info: Requested size: 443.57414pt x 262.91454pt on input lin
e 835.


Package caption Warning: The option `hypcap=true' will be ignored for this
(caption)                particular \caption on input line 836.
See the caption package documentation for explanation.


Package hyperref Warning: Suppressing empty link on input line 841.

[27 <../../../masters/code/tests/plotterk/Signal_power_txBytes_plot.pdf>]
<../../../masters/code/tests/plotterk/Signal_power_rxBytes_plot.pdf, id=9580, p
agebox=cropbox, 747.29518pt x 717.76837pt>
File: ../../../masters/code/tests/plotterk/Signal_power_rxBytes_plot.pdf Graphi
c file (type pdf)
<use ../../../masters/code/tests/plotterk/Signal_power_rxBytes_plot.pdf>
Package pdftex.def Info: ../../../masters/code/tests/plotterk/Signal_power_rxBy
tes_plot.pdf  used on input line 861. on input line 861.
Package pdftex.def Info: Requested size: 443.57999pt x 426.05345pt on input lin
e 861.


Package caption Warning: The option `hypcap=true' will be ignored for this
(caption)                particular \caption on input line 862.
See the caption package documentation for explanation.


Package hyperref Warning: Suppressing empty link on input line 867.

[28 <../../../masters/code/tests/plotterk/Signal_power_txBytes_outliers.pdf>]
<../../../masters/code/tests/plotterk/Signal_power_rxBytes_outliers.pdf, id=963
1, pagebox=cropbox, 728.06378pt x 435.32024pt>
File: ../../../masters/code/tests/plotterk/Signal_power_rxBytes_outliers.pdf Gr
aphic file (type pdf)
<use ../../../masters/code/tests/plotterk/Signal_power_rxBytes_outliers.pdf>
Package pdftex.def Info: ../../../masters/code/tests/plotterk/Signal_power_rxBy
tes_outliers.pdf  used on input line 883. on input line 883.
Package pdftex.def Info: Requested size: 443.59613pt x 265.23276pt on input lin
e 883.


Package caption Warning: The option `hypcap=true' will be ignored for this
(caption)                particular \caption on input line 884.
See the caption package documentation for explanation.


Package hyperref Warning: Suppressing empty link on input line 889.


Package hyperref Warning: Suppressing empty link on input line 891.

[29 <../../../masters/code/tests/plotterk/Signal_power_rxBytes_plot.pdf>]
<../../../masters/code/tests/plotterk/Signal_power_Total_ACK_NACK_RX_plot.pdf, 
id=9688, pagebox=cropbox, 724.94606pt x 717.76837pt>
File: ../../../masters/code/tests/plotterk/Signal_power_Total_ACK_NACK_RX_plot.
pdf Graphic file (type pdf)
<use ../../../masters/code/tests/plotterk/Signal_power_Total_ACK_NACK_RX_plot.p
df>
Package pdftex.def Info: ../../../masters/code/tests/plotterk/Signal_power_Tota
l_ACK_NACK_RX_plot.pdf  used on input line 905. on input line 905.
Package pdftex.def Info: Requested size: 443.57706pt x 439.1852pt on input line
 905.


Package caption Warning: The option `hypcap=true' will be ignored for this
(caption)                particular \caption on input line 906.
See the caption package documentation for explanation.


Package hyperref Warning: Suppressing empty link on input line 911.


Package hyperref Warning: Suppressing empty link on input line 913.

[30 <../../../masters/code/tests/plotterk/Signal_power_rxBytes_outliers.pdf>]

Package hyperref Warning: Suppressing empty link on input line 934.


Package hyperref Warning: Suppressing empty link on input line 936.

<../../code/tests/box/intervalECL1.pdf, id=9740, pagebox=cropbox, 433.62pt x 28
9.08pt>
File: ../../code/tests/box/intervalECL1.pdf Graphic file (type pdf)
<use ../../code/tests/box/intervalECL1.pdf>
Package pdftex.def Info: ../../code/tests/box/intervalECL1.pdf  used on input l
ine 944. on input line 944.
Package pdftex.def Info: Requested size: 221.79169pt x 147.86111pt on input lin
e 944.
<../../code/tests/box/intervalEstECL1.pdf, id=9741, pagebox=cropbox, 433.62pt x
 289.08pt>
File: ../../code/tests/box/intervalEstECL1.pdf Graphic file (type pdf)
<use ../../code/tests/box/intervalEstECL1.pdf>
Package pdftex.def Info: ../../code/tests/box/intervalEstECL1.pdf  used on inpu
t line 951. on input line 951.
Package pdftex.def Info: Requested size: 221.79169pt x 147.86111pt on input lin
e 951.

Overfull \hbox (6.66664pt too wide) in paragraph at lines 944--952
[][] [][] 
 []

[31 <../../../masters/code/tests/plotterk/Signal_power_Total_ACK_NACK_RX_plot.p
df>]

Package hyperref Warning: Suppressing empty link on input line 958.


Package hyperref Warning: Suppressing empty link on input line 960.

<../../code/tests/box/longevityECL1.pdf, id=10107, pagebox=cropbox, 433.62pt x 
289.08pt>
File: ../../code/tests/box/longevityECL1.pdf Graphic file (type pdf)
<use ../../code/tests/box/longevityECL1.pdf>
Package pdftex.def Info: ../../code/tests/box/longevityECL1.pdf  used on input 
line 968. on input line 968.
Package pdftex.def Info: Requested size: 221.79169pt x 147.86111pt on input lin
e 968.
<../../code/tests/box/longevityEstECL1.pdf, id=10108, pagebox=cropbox, 433.62pt
 x 289.08pt>
File: ../../code/tests/box/longevityEstECL1.pdf Graphic file (type pdf)
<use ../../code/tests/box/longevityEstECL1.pdf>
Package pdftex.def Info: ../../code/tests/box/longevityEstECL1.pdf  used on inp
ut line 975. on input line 975.
Package pdftex.def Info: Requested size: 221.79169pt x 147.86111pt on input lin
e 975.

Overfull \hbox (6.66664pt too wide) in paragraph at lines 968--976
[][] [][] 
 []

[32 <../../code/tests/box/intervalECL1.pdf> <../../code/tests/box/intervalEstEC
L1.pdf

pdfTeX warning: pdflatex (file ../../code/tests/box/intervalEstECL1.pdf): PDF i
nclusion: multiple pdfs with page group included in a single page
> <../../code/tests/box/longevityECL1.pdf

pdfTeX warning: pdflatex (file ../../code/tests/box/longevityECL1.pdf): PDF inc
lusion: multiple pdfs with page group included in a single page
> <../../code/tests/box/longevityEstECL1.pdf

pdfTeX warning: pdflatex (file ../../code/tests/box/longevityEstECL1.pdf): PDF 
inclusion: multiple pdfs with page group included in a single page
>]
Underfull \hbox (badness 10000) in paragraph at lines 1060--1061
[]\T1/lmr/m/n/10 (+20) https://www.vodafone.com/business/news-and-insights/blog
/gigabit-thinking/the-art-of-the-
 []

[33]
Overfull \hbox (0.18471pt too wide) in paragraph at lines 1097--1098
[]\T1/lmr/m/n/10 (+5) https://enterpriseiotinsights.com/20190506/nb-iot/samsung
-kt-launch-nbiot-service-through-ps-
 []

[34] [35]

Package longtable Warning: Column widths have changed
(longtable)                in table 1 on input line 1251.


Overfull \vbox (0.67409pt too high) has occurred while \output is active []


[36]

Package longtable Warning: Column widths have changed
(longtable)                in table 2 on input line 1358.

[37]

Package longtable Warning: Column widths have changed
(longtable)                in table 3 on input line 1467.

[38]

Package longtable Warning: Column widths have changed
(longtable)                in table 4 on input line 1576.

[39]

Package longtable Warning: Column widths have changed
(longtable)                in table 5 on input line 1685.

[40]

Package longtable Warning: Column widths have changed
(longtable)                in table 6 on input line 1791.

[41]
Overfull \hbox (0.72221pt too wide) in paragraph at lines 1820--1821
[]\T1/lmr/m/n/10 (-20) PTAU|  
 []


Overfull \hbox (0.72221pt too wide) in paragraph at lines 1844--1845
[]\T1/lmr/m/n/10 (-20) PTAU|  
 []


Overfull \hbox (0.60855pt too wide) in paragraph at lines 1851--1852
[]\T1/lmr/m/n/10 (-20) 640.80|  
 []


Overfull \hbox (0.60855pt too wide) in paragraph at lines 1857--1858
[]\T1/lmr/m/n/10 (-20) 574.20|  
 []


Overfull \hbox (5.25854pt too wide) in paragraph at lines 1893--1894
[]\T1/lmr/m/n/10 (-20) 3213.00|  
 []


Overfull \hbox (5.00854pt too wide) in paragraph at lines 1895--1896
[]\T1/lmr/m/n/10 (-20) 1287.00|  
 []


Overfull \hbox (0.56842pt too wide) in paragraph at lines 1897--1898
[]\T1/lmr/m/n/10 (-20) 1534.50|  
 []


Overfull \hbox (0.60855pt too wide) in paragraph at lines 1899--1900
[]\T1/lmr/m/n/10 (-20) 913.00|  
 []


Overfull \hbox (0.56842pt too wide) in paragraph at lines 1901--1902
[]\T1/lmr/m/n/10 (-20) 1316.30|  
 []


Overfull \hbox (0.60855pt too wide) in paragraph at lines 1903--1904
[]\T1/lmr/m/n/10 (-20) 598.50|  
 []


Overfull \hbox (5.00854pt too wide) in paragraph at lines 1905--1906
[]\T1/lmr/m/n/10 (-20) 1108.70|  
 []


Overfull \hbox (0.60855pt too wide) in paragraph at lines 1909--1910
[]\T1/lmr/m/n/10 (-20) 957.50|  
 []


Overfull \hbox (5.50854pt too wide) in paragraph at lines 1914--1915
[]\T1/lmr/m/n/10 (-20) 9030.00|  
 []


Overfull \hbox (5.50854pt too wide) in paragraph at lines 1916--1917
[]\T1/lmr/m/n/10 (-20) 9720.00|  
 []


Overfull \hbox (5.46841pt too wide) in paragraph at lines 1918--1919
[]\T1/lmr/m/n/10 (-20) 10080.00|  
 []


Overfull \hbox (5.50854pt too wide) in paragraph at lines 1920--1921
[]\T1/lmr/m/n/10 (-20) 9540.00|  
 []


Overfull \hbox (5.46841pt too wide) in paragraph at lines 1922--1923
[]\T1/lmr/m/n/10 (-20) 10200.00|  
 []


Overfull \hbox (0.60855pt too wide) in paragraph at lines 1926--1927
[]\T1/lmr/m/n/10 (-20) 858.40|  
 []


Overfull \hbox (5.00854pt too wide) in paragraph at lines 1928--1929
[]\T1/lmr/m/n/10 (-20) 1116.00|  
 []


Overfull \hbox (0.60855pt too wide) in paragraph at lines 1945--1946
[]\T1/lmr/m/n/10 (-20) 958.30|  
 []


Overfull \hbox (5.50854pt too wide) in paragraph at lines 1987--1988
[]\T1/lmr/m/n/10 (-20) 5144.00|  
 []


Overfull \hbox (0.60855pt too wide) in paragraph at lines 1993--1994
[]\T1/lmr/m/n/10 (-20) 534.40|  
 []


Overfull \hbox (5.00854pt too wide) in paragraph at lines 1998--1999
[]\T1/lmr/m/n/10 (-20) 1739.50|  
 []


Overfull \hbox (0.60855pt too wide) in paragraph at lines 2004--2005
[]\T1/lmr/m/n/10 (-20) 627.70|  
 []


Overfull \hbox (5.00854pt too wide) in paragraph at lines 2008--2009
[]\T1/lmr/m/n/10 (-20) 1998.00|  
 []


Overfull \hbox (0.60855pt too wide) in paragraph at lines 2014--2015
[]\T1/lmr/m/n/10 (-20) 652.50|  
 []


Overfull \hbox (5.50854pt too wide) in paragraph at lines 2061--2062
[]\T1/lmr/m/n/10 (-20) 6133.50|  
 []


Overfull \hbox (5.50854pt too wide) in paragraph at lines 2063--2064
[]\T1/lmr/m/n/10 (-20) 5503.50|  
 []


Overfull \hbox (1.06842pt too wide) in paragraph at lines 2065--2066
[]\T1/lmr/m/n/10 (-20) 5815.00|  
 []


Overfull \hbox (5.50854pt too wide) in paragraph at lines 2067--2068
[]\T1/lmr/m/n/10 (-20) 5238.50|  
 []


Overfull \hbox (1.06842pt too wide) in paragraph at lines 2069--2070
[]\T1/lmr/m/n/10 (-20) 5756.00|  
 []


Overfull \hbox (0.60855pt too wide) in paragraph at lines 2073--2074
[]\T1/lmr/m/n/10 (-20) 984.50|  
 []


Overfull \hbox (0.60855pt too wide) in paragraph at lines 2075--2076
[]\T1/lmr/m/n/10 (-20) 612.00|  
 []


Overfull \hbox (0.60855pt too wide) in paragraph at lines 2077--2078
[]\T1/lmr/m/n/10 (-20) 854.20|  
 []


Overfull \hbox (0.60855pt too wide) in paragraph at lines 2092--2093
[]\T1/lmr/m/n/10 (-20) 842.10|  
 []


Overfull \hbox (0.60855pt too wide) in paragraph at lines 2103--2104
[]\T1/lmr/m/n/10 (-20) 981.00|  
 []


Overfull \hbox (5.25854pt too wide) in paragraph at lines 2113--2114
[]\T1/lmr/m/n/10 (-20) 3571.00|  
 []


Overfull \hbox (0.60855pt too wide) in paragraph at lines 2119--2120
[]\T1/lmr/m/n/10 (-20) 595.00|  
 []


Overfull \hbox (5.00854pt too wide) in paragraph at lines 2124--2125
[]\T1/lmr/m/n/10 (-20) 1066.50|  
 []


Overfull \hbox (0.60855pt too wide) in paragraph at lines 2126--2127
[]\T1/lmr/m/n/10 (-20) 540.20|  
 []


Overfull \hbox (0.60855pt too wide) in paragraph at lines 2130--2131
[]\T1/lmr/m/n/10 (-20) 502.80|  
 []


Overfull \hbox (5.00854pt too wide) in paragraph at lines 2134--2135
[]\T1/lmr/m/n/10 (-20) 1723.50|  
 []


Overfull \hbox (5.25854pt too wide) in paragraph at lines 2145--2146
[]\T1/lmr/m/n/10 (-20) 2773.50|  
 []


Overfull \hbox (5.25854pt too wide) in paragraph at lines 2147--2148
[]\T1/lmr/m/n/10 (-20) 2598.50|  
 []


Overfull \hbox (0.81842pt too wide) in paragraph at lines 2149--2150
[]\T1/lmr/m/n/10 (-20) 2723.50|  
 []


Overfull \hbox (5.25854pt too wide) in paragraph at lines 2151--2152
[]\T1/lmr/m/n/10 (-20) 2658.00|  
 []


Overfull \hbox (0.81842pt too wide) in paragraph at lines 2153--2154
[]\T1/lmr/m/n/10 (-20) 2827.50|  
 []


Overfull \hbox (5.25854pt too wide) in paragraph at lines 2187--2188
[]\T1/lmr/m/n/10 (-20) 3558.50|  
 []


Overfull \hbox (5.25854pt too wide) in paragraph at lines 2189--2190
[]\T1/lmr/m/n/10 (-20) 2881.00|  
 []


Overfull \hbox (0.81842pt too wide) in paragraph at lines 2191--2192
[]\T1/lmr/m/n/10 (-20) 3083.00|  
 []


Overfull \hbox (5.25854pt too wide) in paragraph at lines 2193--2194
[]\T1/lmr/m/n/10 (-20) 2835.50|  
 []


Overfull \hbox (0.81842pt too wide) in paragraph at lines 2195--2196
[]\T1/lmr/m/n/10 (-20) 3062.50|  
 []


Overfull \hbox (5.25854pt too wide) in paragraph at lines 2197--2198
[]\T1/lmr/m/n/10 (-20) 2028.00|  
 []


Overfull \hbox (0.60855pt too wide) in paragraph at lines 2199--2200
[]\T1/lmr/m/n/10 (-20) 585.00|  
 []


Overfull \hbox (0.60855pt too wide) in paragraph at lines 2271--2272
[]\T1/lmr/m/n/10 (-20) 822.00|  
 []


Overfull \hbox (0.60855pt too wide) in paragraph at lines 2281--2282
[]\T1/lmr/m/n/10 (-20) 872.40|  
 []


Overfull \hbox (5.25854pt too wide) in paragraph at lines 2323--2324
[]\T1/lmr/m/n/10 (-20) 2556.50|  
 []


Overfull \hbox (0.60855pt too wide) in paragraph at lines 2334--2335
[]\T1/lmr/m/n/10 (-20) 606.50|  
 []


Overfull \hbox (5.00854pt too wide) in paragraph at lines 2365--2366
[]\T1/lmr/m/n/10 (-20) 1659.00|  
 []


Overfull \hbox (5.00854pt too wide) in paragraph at lines 2407--2408
[]\T1/lmr/m/n/10 (-20) 1713.00|  
 []


Overfull \hbox (5.50854pt too wide) in paragraph at lines 2481--2482
[]\T1/lmr/m/n/10 (-20) 6637.50|  
 []


Overfull \hbox (5.50854pt too wide) in paragraph at lines 2483--2484
[]\T1/lmr/m/n/10 (-20) 5503.50|  
 []


Overfull \hbox (1.06842pt too wide) in paragraph at lines 2485--2486
[]\T1/lmr/m/n/10 (-20) 5815.00|  
 []


Overfull \hbox (5.50854pt too wide) in paragraph at lines 2487--2488
[]\T1/lmr/m/n/10 (-20) 5238.50|  
 []


Overfull \hbox (1.06842pt too wide) in paragraph at lines 2489--2490
[]\T1/lmr/m/n/10 (-20) 5756.00|  
 []


Overfull \hbox (5.00854pt too wide) in paragraph at lines 2495--2496
[]\T1/lmr/m/n/10 (-20) 1062.00|  
 []


Overfull \hbox (0.60855pt too wide) in paragraph at lines 2497--2498
[]\T1/lmr/m/n/10 (-20) 841.50|  
 []


Overfull \hbox (5.25854pt too wide) in paragraph at lines 2533--2534
[]\T1/lmr/m/n/10 (-20) 3042.00|  
 []


Overfull \hbox (5.00854pt too wide) in paragraph at lines 2544--2545
[]\T1/lmr/m/n/10 (-20) 1110.50|  
 []


Overfull \hbox (5.00854pt too wide) in paragraph at lines 2554--2555
[]\T1/lmr/m/n/10 (-20) 1372.50|  
 []


Overfull \hbox (5.25854pt too wide) in paragraph at lines 2565--2566
[]\T1/lmr/m/n/10 (-20) 2557.50|  
 []


Overfull \hbox (5.25854pt too wide) in paragraph at lines 2567--2568
[]\T1/lmr/m/n/10 (-20) 2527.50|  
 []


Overfull \hbox (0.81842pt too wide) in paragraph at lines 2569--2570
[]\T1/lmr/m/n/10 (-20) 2654.50|  
 []


Overfull \hbox (5.25854pt too wide) in paragraph at lines 2571--2572
[]\T1/lmr/m/n/10 (-20) 2493.00|  
 []


Overfull \hbox (0.81842pt too wide) in paragraph at lines 2573--2574
[]\T1/lmr/m/n/10 (-20) 2709.50|  
 []


Overfull \hbox (0.60855pt too wide) in paragraph at lines 2575--2576
[]\T1/lmr/m/n/10 (-20) 505.60|  
 []


Overfull \hbox (0.60855pt too wide) in paragraph at lines 2579--2580
[]\T1/lmr/m/n/10 (-20) 511.20|  
 []


Overfull \hbox (5.25854pt too wide) in paragraph at lines 2607--2608
[]\T1/lmr/m/n/10 (-20) 3391.00|  
 []


Overfull \hbox (5.25854pt too wide) in paragraph at lines 2609--2610
[]\T1/lmr/m/n/10 (-20) 2807.50|  
 []


Overfull \hbox (0.81842pt too wide) in paragraph at lines 2611--2612
[]\T1/lmr/m/n/10 (-20) 2999.00|  
 []


Overfull \hbox (5.25854pt too wide) in paragraph at lines 2613--2614
[]\T1/lmr/m/n/10 (-20) 2688.00|  
 []


Overfull \hbox (0.81842pt too wide) in paragraph at lines 2615--2616
[]\T1/lmr/m/n/10 (-20) 2999.50|  
 []


Overfull \hbox (5.00854pt too wide) in paragraph at lines 2617--2618
[]\T1/lmr/m/n/10 (-20) 1699.50|  
 []


Overfull \hbox (0.60855pt too wide) in paragraph at lines 2621--2622
[]\T1/lmr/m/n/10 (-20) 547.80|  
 []


Overfull \hbox (5.00854pt too wide) in paragraph at lines 2676--2677
[]\T1/lmr/m/n/10 (-20) 1337.60|  
 []


Overfull \hbox (0.56842pt too wide) in paragraph at lines 2678--2679
[]\T1/lmr/m/n/10 (-20) 1002.50|  
 []


Overfull \hbox (5.00854pt too wide) in paragraph at lines 2691--2692
[]\T1/lmr/m/n/10 (-20) 1224.00|  
 []


Overfull \hbox (0.60855pt too wide) in paragraph at lines 2701--2702
[]\T1/lmr/m/n/10 (-20) 683.30|  
 []


Overfull \hbox (5.00854pt too wide) in paragraph at lines 2703--2704
[]\T1/lmr/m/n/10 (-20) 1441.00|  
 []


Overfull \hbox (5.00854pt too wide) in paragraph at lines 2707--2708
[]\T1/lmr/m/n/10 (-20) 1722.00|  
 []


Overfull \hbox (0.60855pt too wide) in paragraph at lines 2722--2723
[]\T1/lmr/m/n/10 (-20) 896.30|  
 []


Overfull \hbox (5.00854pt too wide) in paragraph at lines 2733--2734
[]\T1/lmr/m/n/10 (-20) 1534.50|  
 []


Overfull \hbox (0.60855pt too wide) in paragraph at lines 2735--2736
[]\T1/lmr/m/n/10 (-20) 625.20|  
 []


Overfull \hbox (0.60855pt too wide) in paragraph at lines 2739--2740
[]\T1/lmr/m/n/10 (-20) 821.30|  
 []


Overfull \hbox (5.25854pt too wide) in paragraph at lines 2743--2744
[]\T1/lmr/m/n/10 (-20) 3657.00|  
 []


Overfull \hbox (5.00854pt too wide) in paragraph at lines 2749--2750
[]\T1/lmr/m/n/10 (-20) 1303.50|  
 []


Overfull \hbox (0.60855pt too wide) in paragraph at lines 2760--2761
[]\T1/lmr/m/n/10 (-20) 644.20|  
 []


Overfull \hbox (5.25854pt too wide) in paragraph at lines 2764--2765
[]\T1/lmr/m/n/10 (-20) 2457.50|  
 []


Overfull \hbox (5.00854pt too wide) in paragraph at lines 2770--2771
[]\T1/lmr/m/n/10 (-20) 1158.50|  
 []


Overfull \hbox (5.00854pt too wide) in paragraph at lines 2775--2776
[]\T1/lmr/m/n/10 (-20) 1368.00|  
 []


Overfull \hbox (0.60855pt too wide) in paragraph at lines 2781--2782
[]\T1/lmr/m/n/10 (-20) 507.90|  
 []


Overfull \hbox (5.00854pt too wide) in paragraph at lines 2817--2818
[]\T1/lmr/m/n/10 (-20) 1378.00|  
 []


Overfull \hbox (5.25854pt too wide) in paragraph at lines 2827--2828
[]\T1/lmr/m/n/10 (-20) 2173.50|  
 []


Overfull \hbox (5.00854pt too wide) in paragraph at lines 2833--2834
[]\T1/lmr/m/n/10 (-20) 1514.50|  
 []

[42]

Package longtable Warning: Column widths have changed
(longtable)                in table 8 on input line 2943.

[43]

Package longtable Warning: Column widths have changed
(longtable)                in table 9 on input line 3050.

[44] [45]
LaTeX Font Info:    Try loading font information for TS1+lmtt on input line 308
4.
 ("C:\Program Files (x86)\MiKTeX 2.9\tex\latex\lm\ts1lmtt.fd"
File: ts1lmtt.fd 2009/10/30 v1.6 Font defs for Latin Modern
)
[46] [47] [48] [49] [50] [51]

Package longtable Warning: Table widths have changed. Rerun LaTeX.

Package atveryend Info: Empty hook `BeforeClearDocument' on input line 3419.
Package atveryend Info: Empty hook `AfterLastShipout' on input line 3419.
(4_results.aux)
Package atveryend Info: Executing hook `AtVeryEndDocument' on input line 3419.
Package atveryend Info: Executing hook `AtEndAfterFileList' on input line 3419.



Package rerunfilecheck Warning: File `4_results.out' has changed.
(rerunfilecheck)                Rerun to get outlines right
(rerunfilecheck)                or use package `bookmark'.

Package rerunfilecheck Info: Checksums for `4_results.out':
(rerunfilecheck)             Before: <no file>
(rerunfilecheck)             After:  01F26A90893ED5C1B20E3DEFA7A8AE1B;5148.

LaTeX Warning: There were undefined references.


LaTeX Warning: Label(s) may have changed. Rerun to get cross-references right.

Package atveryend Info: Empty hook `AtVeryVeryEnd' on input line 3419.
 ) 
Here is how much of TeX's memory you used:
 15242 strings out of 493312
 231507 string characters out of 3136307
 384413 words of memory out of 3000000
 18259 multiletter control sequences out of 15000+200000
 68298 words of font info for 111 fonts, out of 3000000 for 9000
 1141 hyphenation exceptions out of 8191
 44i,10n,54p,340b,478s stack positions out of 5000i,500n,10000p,200000b,50000s
{C:/Program Files (x86)/MiKTeX 2.9/fonts/enc/dvips/lm/lm-ts1.enc}{C:/Program 
Files (x86)/MiKTeX 2.9/fonts/enc/dvips/lm/lm-ec.enc}<C:/Program Files (x86)/MiK
TeX 2.9/fonts/type1/public/lm/lmbx10.pfb><C:/Program Files (x86)/MiKTeX 2.9/fon
ts/type1/public/lm/lmbx12.pfb><C:/Program Files (x86)/MiKTeX 2.9/fonts/type1/pu
blic/lm/lmbx9.pfb><C:/Program Files (x86)/MiKTeX 2.9/fonts/type1/public/lm/lmr1
0.pfb><C:/Program Files (x86)/MiKTeX 2.9/fonts/type1/public/lm/lmr12.pfb><C:/Pr
ogram Files (x86)/MiKTeX 2.9/fonts/type1/public/lm/lmr17.pfb><C:/Program Files 
(x86)/MiKTeX 2.9/fonts/type1/public/lm/lmr8.pfb><C:/Program Files (x86)/MiKTeX 
2.9/fonts/type1/public/lm/lmr9.pfb><C:/Program Files (x86)/MiKTeX 2.9/fonts/typ
e1/public/lm/lmri10.pfb><C:/Program Files (x86)/MiKTeX 2.9/fonts/type1/public/l
m/lmtt10.pfb>
Output written on 4_results.pdf (51 pages, 6766594 bytes).
PDF statistics:
 10497 PDF objects out of 10688 (max. 8388607)
 206 named destinations out of 1000 (max. 500000)
 16555 words of extra memory for PDF output out of 17280 (max. 10000000)

