This is pdfTeX, Version 3.14159265-2.6-1.40.18 (MiKTeX 2.9.6500)
entering extended mode
(C:/GIT/masters/thesis/v8/1_intro.tex
LaTeX2e <2017-04-15>
Babel <3.15> and hyphenation patterns for 75 language(s) loaded.
("C:\Program Files (x86)\MiKTeX 2.9\tex\latex\base\article.cls"
Document Class: article 2014/09/29 v1.4h Standard LaTeX document class
("C:\Program Files (x86)\MiKTeX 2.9\tex\latex\base\size10.clo"))
("C:\Program Files (x86)\MiKTeX 2.9\tex\latex\lm\lmodern.sty")
("C:\Program Files (x86)\MiKTeX 2.9\tex\latex\amsfonts\amssymb.sty"
("C:\Program Files (x86)\MiKTeX 2.9\tex\latex\amsfonts\amsfonts.sty"))
("C:\Program Files (x86)\MiKTeX 2.9\tex\latex\amsmath\amsmath.sty"
For additional information on amsmath, use the `?' option.
("C:\Program Files (x86)\MiKTeX 2.9\tex\latex\amsmath\amstext.sty"
("C:\Program Files (x86)\MiKTeX 2.9\tex\latex\amsmath\amsgen.sty"))
("C:\Program Files (x86)\MiKTeX 2.9\tex\latex\amsmath\amsbsy.sty")
("C:\Program Files (x86)\MiKTeX 2.9\tex\latex\amsmath\amsopn.sty"))
("C:\Program Files (x86)\MiKTeX 2.9\tex\generic\ifxetex\ifxetex.sty")
("C:\Program Files (x86)\MiKTeX 2.9\tex\generic\oberdiek\ifluatex.sty")
("C:\Program Files (x86)\MiKTeX 2.9\tex\latex\base\fixltx2e.sty"

Package fixltx2e Warning: fixltx2e is not required with releases after 2015
(fixltx2e)                All fixes are now in the LaTeX kernel.
(fixltx2e)                See the latexrelease package for details.

) ("C:\Program Files (x86)\MiKTeX 2.9\tex\latex\base\fontenc.sty"
("C:\Program Files (x86)\MiKTeX 2.9\tex\latex\base\t1enc.def"))
("C:\Program Files (x86)\MiKTeX 2.9\tex\latex\base\inputenc.sty"
("C:\Program Files (x86)\MiKTeX 2.9\tex\latex\base\utf8.def"
("C:\Program Files (x86)\MiKTeX 2.9\tex\latex\base\t1enc.dfu")
("C:\Program Files (x86)\MiKTeX 2.9\tex\latex\base\ot1enc.dfu")
("C:\Program Files (x86)\MiKTeX 2.9\tex\latex\base\omsenc.dfu")))
("C:\Program Files (x86)\MiKTeX 2.9\tex\latex\base\textcomp.sty"
("C:\Program Files (x86)\MiKTeX 2.9\tex\latex\base\ts1enc.def"
("C:\Program Files (x86)\MiKTeX 2.9\tex\latex\base\ts1enc.dfu")))
("C:\Program Files (x86)\MiKTeX 2.9\tex\latex\upquote\upquote.sty")
("C:\Program Files (x86)\MiKTeX 2.9\tex\latex\microtype\microtype.sty"
("C:\Program Files (x86)\MiKTeX 2.9\tex\latex\graphics\keyval.sty")
("C:\Program Files (x86)\MiKTeX 2.9\tex\latex\microtype\microtype-pdftex.def")
("C:\Program Files (x86)\MiKTeX 2.9\tex\latex\microtype\microtype.cfg"))
("C:\Program Files (x86)\MiKTeX 2.9\tex\latex\ltxmisc\parskip.sty")
("C:\Program Files (x86)\MiKTeX 2.9\tex\latex\xcolor\xcolor.sty"
("C:\Program Files (x86)\MiKTeX 2.9\tex\latex\graphics-cfg\color.cfg")
("C:\Program Files (x86)\MiKTeX 2.9\tex\latex\graphics-def\pdftex.def")
("C:\Program Files (x86)\MiKTeX 2.9\tex\latex\graphics\dvipsnam.def")
("C:\Program Files (x86)\MiKTeX 2.9\tex\latex\xcolor\svgnam.def")
("C:\Program Files (x86)\MiKTeX 2.9\tex\latex\xcolor\x11nam.def"))
("C:\Program Files (x86)\MiKTeX 2.9\tex\latex\hyperref\hyperref.sty"
("C:\Program Files (x86)\MiKTeX 2.9\tex\generic\oberdiek\hobsub-hyperref.sty"
("C:\Program Files (x86)\MiKTeX 2.9\tex\generic\oberdiek\hobsub-generic.sty"))
("C:\Program Files (x86)\MiKTeX 2.9\tex\latex\oberdiek\auxhook.sty")
("C:\Program Files (x86)\MiKTeX 2.9\tex\latex\oberdiek\kvoptions.sty")
("C:\Program Files (x86)\MiKTeX 2.9\tex\latex\hyperref\pd1enc.def")
("C:\Program Files (x86)\MiKTeX 2.9\tex\latex\00miktex\hyperref.cfg")
("C:\Program Files (x86)\MiKTeX 2.9\tex\latex\hyperref\puenc.def")
("C:\Program Files (x86)\MiKTeX 2.9\tex\latex\url\url.sty"))

Package hyperref Message: Driver (autodetected): hpdftex.

("C:\Program Files (x86)\MiKTeX 2.9\tex\latex\hyperref\hpdftex.def"
("C:\Program Files (x86)\MiKTeX 2.9\tex\latex\oberdiek\rerunfilecheck.sty"))
("C:\Program Files (x86)\MiKTeX 2.9\tex\latex\geometry\geometry.sty"
("C:\Program Files (x86)\MiKTeX 2.9\tex\latex\geometry\geometry.cfg"))
("C:\Program Files (x86)\MiKTeX 2.9\tex\latex\tools\longtable.sty")
("C:\Program Files (x86)\MiKTeX 2.9\tex\latex\booktabs\booktabs.sty")
("C:\Program Files (x86)\MiKTeX 2.9\tex\latex\mdwtools\footnote.sty")
("C:\Program Files (x86)\MiKTeX 2.9\tex\latex\graphics\graphicx.sty"
("C:\Program Files (x86)\MiKTeX 2.9\tex\latex\graphics\graphics.sty"
("C:\Program Files (x86)\MiKTeX 2.9\tex\latex\graphics\trig.sty")
("C:\Program Files (x86)\MiKTeX 2.9\tex\latex\graphics-cfg\graphics.cfg")))
("C:\Program Files (x86)\MiKTeX 2.9\tex\latex\oberdiek\grffile.sty")
("C:\Program Files (x86)\MiKTeX 2.9\tex\latex\float\float.sty")
("C:\Program Files (x86)\MiKTeX 2.9\tex\latex\subfig\subfig.sty"
("C:\Program Files (x86)\MiKTeX 2.9\tex\latex\caption\caption.sty"
("C:\Program Files (x86)\MiKTeX 2.9\tex\latex\caption\caption3.sty")
("C:\Program Files (x86)\MiKTeX 2.9\tex\latex\caption\ltcaption.sty")))
("C:\Program Files (x86)\MiKTeX 2.9\tex\latex\chngcntr\chngcntr.sty")
(1_intro.aux) ("C:\Program Files (x86)\MiKTeX 2.9\tex\latex\base\ts1cmr.fd")
("C:\Program Files (x86)\MiKTeX 2.9\tex\latex\lm\t1lmr.fd")
("C:\Program Files (x86)\MiKTeX 2.9\tex\latex\microtype\mt-cmr.cfg")
("C:\Program Files (x86)\MiKTeX 2.9\tex\context\base\supp-pdf.mkii"
[Loading MPS to PDF converter (version 2006.09.02).]
) ("C:\Program Files (x86)\MiKTeX 2.9\tex\latex\oberdiek\epstopdf-base.sty"
("C:\Program Files (x86)\MiKTeX 2.9\tex\latex\oberdiek\grfext.sty"))
("C:\Program Files (x86)\MiKTeX 2.9\tex\latex\hyperref\nameref.sty"
("C:\Program Files (x86)\MiKTeX 2.9\tex\generic\oberdiek\gettitlestring.sty"))
(1_intro.out) (1_intro.out)
*geometry* driver: auto-detecting
*geometry* detected driver: pdftex
("C:\Program Files (x86)\MiKTeX 2.9\tex\latex\lm\ot1lmr.fd")
("C:\Program Files (x86)\MiKTeX 2.9\tex\latex\lm\omllmm.fd")
("C:\Program Files (x86)\MiKTeX 2.9\tex\latex\lm\omslmsy.fd")
("C:\Program Files (x86)\MiKTeX 2.9\tex\latex\lm\omxlmex.fd")
("C:\Program Files (x86)\MiKTeX 2.9\tex\latex\amsfonts\umsa.fd")
("C:\Program Files (x86)\MiKTeX 2.9\tex\latex\microtype\mt-msa.cfg")
("C:\Program Files (x86)\MiKTeX 2.9\tex\latex\amsfonts\umsb.fd")
("C:\Program Files (x86)\MiKTeX 2.9\tex\latex\microtype\mt-msb.cfg")
(1_intro.toc [1{C:/Users/d7rob/AppData/Local/MiKTeX/2.9/pdftex/config/pdftex.ma
p}]) (1_intro.lot
Overfull \hbox (16.99998pt too wide) detected at line 3
\T1/lmr/m/n/10 tableno:2 

Overfull \hbox (16.99998pt too wide) detected at line 9
\T1/lmr/m/n/10 tableno:3 
) (1_intro.lof ("C:\Program Files (x86)\MiKTeX 2.9\tex\latex\lm\ts1lmr.fd"))
[2 <../images/whitespace.png>] [3] [4] [5] [6] [7]

LaTeX Warning: Reference `lorawan' on page 8 undefined on input line 538.


LaTeX Warning: Reference `sigfox' on page 8 undefined on input line 540.


LaTeX Warning: Reference `usecases' on page 8 undefined on input line 542.

[8] [9 <C:/GIT/masters/thesis/images/ims voip.jpg>] [10 <../images/countries-de
ployed-nb-iot-lte-m-networks.jpg> <../images/GautengvsSouthAfrica.png>]

Package hyperref Warning: Suppressing empty link on input line 702.


Package hyperref Warning: Suppressing empty link on input line 721.

[11 <../images/LTE-Sims-640-1572213347177.jpg>] [12 <../images/42881085945_739b
bdc8e9_c.jpg> <../images/CTMKT_741609_CTMKT_for_Emerging_Tech_Hype_Cycle_Larger
Text-1.png>] [13 <../images/Expected-number-of-connected-devices-to-the-Interne
t-This-chart-is-obtained-from-recent.png>] [14]

LaTeX Warning: Reference `release_a' on page 15 undefined on input line 923.

[15] [16] [17 <../images/1559246290186.png>] [18 <../images/LTE_classic_archite
cture.png>] [19]
Overfull \hbox (23.50235pt too wide) in paragraph at lines 1357--1358
[]\T1/lmr/m/n/10 (-20) AT+NCONFIG|  

Overfull \hbox (3.28984pt too wide) in paragraph at lines 1364--1365
[]\T1/lmr/m/n/10 (-20) AT+COPS|  

Overfull \hbox (27.85748pt too wide) in paragraph at lines 1372--1373
[]\T1/lmr/m/n/10 (-20) AT+CGDCONT|  
[20]

LaTeX Warning: Reference `litstudy' on page 21 undefined on input line 1435.


LaTeX Warning: Reference `design' on page 21 undefined on input line 1437.


LaTeX Warning: Reference `results' on page 21 undefined on input line 1438.


LaTeX Warning: Reference `##discussion' on page 21 undefined on input line 1439
.


LaTeX Warning: Reference `conclusion' on page 21 undefined on input line 1440.

[21] [22] [23] (1_intro.aux)

LaTeX Warning: There were undefined references.


LaTeX Warning: Label(s) may have changed. Rerun to get cross-references right.

 )
(see the transcript file for additional information){C:/Program Files (x86)/MiK
TeX 2.9/fonts/enc/dvips/lm/lm-ec.enc}{C:/Program Files (x86)/MiKTeX 2.9/fonts/e
nc/dvips/lm/lm-ts1.enc}{C:/Program Files (x86)/MiKTeX 2.9/fonts/enc/dvips/lm/lm
-mathsy.enc}<C:/Program Files (x86)/MiKTeX 2.9/fonts/type1/public/lm/lmbx10.pfb
><C:/Program Files (x86)/MiKTeX 2.9/fonts/type1/public/lm/lmbx12.pfb><C:/Progra
m Files (x86)/MiKTeX 2.9/fonts/type1/public/lm/lmbx8.pfb><C:/Program Files (x86
)/MiKTeX 2.9/fonts/type1/public/lm/lmbx9.pfb><C:/Program Files (x86)/MiKTeX 2.9
/fonts/type1/public/lm/lmr10.pfb><C:/Program Files (x86)/MiKTeX 2.9/fonts/type1
/public/lm/lmr12.pfb><C:/Program Files (x86)/MiKTeX 2.9/fonts/type1/public/lm/l
mr17.pfb><C:/Program Files (x86)/MiKTeX 2.9/fonts/type1/public/lm/lmr6.pfb><C:/
Program Files (x86)/MiKTeX 2.9/fonts/type1/public/lm/lmr7.pfb><C:/Program Files
 (x86)/MiKTeX 2.9/fonts/type1/public/lm/lmr8.pfb><C:/Program Files (x86)/MiKTeX
 2.9/fonts/type1/public/lm/lmr9.pfb><C:/Program Files (x86)/MiKTeX 2.9/fonts/ty
pe1/public/lm/lmri10.pfb><C:/Program Files (x86)/MiKTeX 2.9/fonts/type1/public/
lm/lmsy10.pfb><C:/Program Files (x86)/MiKTeX 2.9/fonts/type1/public/amsfonts/sy
mbols/msam10.pfb>
Output written on 1_intro.pdf (23 pages, 846945 bytes).
Transcript written on 1_intro.log.
